Command: report datapath > reports/generic/microprocessor_pad_top_datapath.rpt
============================================================
  Generated by:           Genus(TM) Synthesis Solution 21.19-s055_1
  Generated on:           Apr 11 2026  04:36:50 pm
  Module:                 microprocessor_pad_top
  Technology libraries:   tsl18fs120_scl_ss 1
                          tsl18cio150_max 1.0
                          tsl18fs120_scl_ss 1
                          tsl18cio150_max 1.0
  Operating conditions:   tsl18cio150_max (worst_case_tree)
  Wireload mode:          enclosed
  Area mode:              timing library
============================================================


Inferred components

                   Operator Signedness  Inputs Outputs CellArea 
================================================================
microprocessor_pad_top
 u_microprocessor_core
  u_core
   u_branch_execute
    gte_14_49
     
     module:geq_signed_rtlopto_model_1779
      very_fast       >=    signed     32x32   1        3247.00 
================================================================
microprocessor_pad_top
 u_microprocessor_core
  u_core
   u_branch_execute
    gte_16_40
     
     module:geq_unsigned_rtlopto_model_1780
      very_fast       >=    unsigned   32x32   1        3247.00 
================================================================
microprocessor_pad_top
 u_microprocessor_core
  u_core
   u_branch_execute
    lt_13_49
     
     module:lt_signed_1_rtlopto_model_1781
      very_fast        <    signed     32x32   1        3183.74 
================================================================
microprocessor_pad_top
 u_microprocessor_core
  u_core
   u_branch_execute
    lt_15_40
     
     module:lt_unsigned_1_rtlopto_model_1782
      very_fast        <    unsigned   32x32   1        3183.74 
================================================================
microprocessor_pad_top
 u_microprocessor_core
  u_core
   u_executestage
    u_adder0
     add_7_23
      
      module:add_unsigned_512
       very_fast       +    unsigned   32x3    32       2962.36 
================================================================
microprocessor_pad_top
 u_microprocessor_core
  u_core
   u_executestage
    u_alu0
     SUB_TC_OP_2_Y_SUB_TC_OP_1_Y_SUB_TC_OP20_Y_ADD_TC_OP
      
      module:addsub_signed_209
       very_fast      +,-   signed     33x33x1 33      10753.04 
      equation:
      assign Z = AS ? $signed(A)-$signed(B) : $signed(A)+$signed(B);
----------------------------------------------------------------
       SUB_TC_OP_2     -    signed     32x32   32               
       SUB_TC_OP_1     -    signed     32x32   33               
       SUB_TC_OP20     -    signed     33x33   33               
       ADD_TC_OP       +    signed     32x32   32               
================================================================
microprocessor_pad_top
 u_microprocessor_core
  u_core
   u_executestage
    u_alu0
     sll_18_25
      
      module:shift_left_vlog_unsigned
       very_fast/barrel
                      <<    x          32x5    32       8265.08 
================================================================
microprocessor_pad_top
 u_microprocessor_core
  u_core
   u_executestage
    u_alu0
     sra_33_34
      
      module:arith_shift_right_vlog_signed
       very_fast/barrel
                      >>>   x          32x5    32       8792.19 
================================================================
microprocessor_pad_top
 u_microprocessor_core
  u_core
   u_executestage
    u_alu0
     srl_30_25
      
      module:shift_right_vlog_unsigned
       very_fast/barrel
                      >>    x          32x5    32       8286.16 
================================================================
microprocessor_pad_top
 u_microprocessor_core
  u_core
   u_fetchstage
    u_pc0
     ADD_UNS_OP
      
      module:add_unsigned
       very_fast       +    unsigned   32x3    32       3015.07 
================================================================

      Type        CellArea  Percentage 
---------------------------------------
datapath modules   54935.36       3.74 
external muxes         0.00       0.00 
others           1415293.26      96.26 
---------------------------------------
total            1470228.62     100.00 

