#! /c/Source/iverilog-install/bin/vvp
:ivl_version "12.0 (devel)" "(s20150603-1539-g2693dd32b)";
:ivl_delay_selection "TYPICAL";
:vpi_time_precision + 0;
:vpi_module "C:\iverilog\lib\ivl\system.vpi";
:vpi_module "C:\iverilog\lib\ivl\vhdl_sys.vpi";
:vpi_module "C:\iverilog\lib\ivl\vhdl_textio.vpi";
:vpi_module "C:\iverilog\lib\ivl\v2005_math.vpi";
:vpi_module "C:\iverilog\lib\ivl\va_math.vpi";
:vpi_module "C:\iverilog\lib\ivl\v2009.vpi";
S_0000024b5d882830 .scope package, "$unit" "$unit" 2 1;
 .timescale 0 0;
S_0000024b5d8829c0 .scope module, "adder" "adder" 3 1;
 .timescale 0 0;
    .port_info 0 /INPUT 32 "a";
    .port_info 1 /OUTPUT 32 "adder_out";
o0000024b5d8b6fa8 .functor BUFZ 32, C4<zzzzzzzzzzzzzzzzzzzzzzzzzzzzzzzz>; HiZ drive
v0000024b5d8686d0_0 .net "a", 31 0, o0000024b5d8b6fa8;  0 drivers
v0000024b5d86ec00_0 .var "adder_out", 31 0;
E_0000024b5d8b4d30 .event anyedge, v0000024b5d8686d0_0;
    .scope S_0000024b5d8829c0;
T_0 ;
    %wait E_0000024b5d8b4d30;
    %load/vec4 v0000024b5d8686d0_0;
    %addi 4, 0, 32;
    %store/vec4 v0000024b5d86ec00_0, 0, 32;
    %jmp T_0;
    .thread T_0, $push;
# The file index is used to find the file name in the following table.
:file_names 4;
    "N/A";
    "<interactive>";
    "-";
    "design\\adder.v";
