###############################################################
#  Generated by:      Cadence Innovus 21.19-s058_1
#  OS:                Linux x86_64(Host ID vlsi.iitgn.ac.in)
#  Generated on:      Sat Apr 11 21:16:36 2026
#  Design:            microprocessor_pad_top
#  Command:           checkDesign -io -netlist -physicalLibrary -powerGround -tieHilo -timingLibrary -spef -floorplan -place -outdir checkDesign
###############################################################
Design: microprocessor_pad_top

------ Design Summary:
Total Standard Cell Number   (cells) : 58978
Total Block Cell Number      (cells) : 0
Total I/O Pad Cell Number    (cells) : 260
Total Standard Cell Area     ( um^2) : 1412768.00
Total Block Cell Area        ( um^2) : 0.00
Total I/O Pad Cell Area      ( um^2) : 1689837.50

------ Design Statistics:

Number of Instances            : 59238
Number of Non-uniquified Insts : 59202
Number of Nets                 : 33817
Average number of Pins per Net : 3.70
Maximum number of Pins in Net  : 4785

------ I/O Port summary

Number of Primary I/O Ports    : 39
Number of Input Ports          : 6
Number of Output Ports         : 33
Number of Bidirectional Ports  : 0
Number of Power/Ground Ports   : 0



------------------------------------------------------------
Detail report:


------ I/O Pad/Port Checking


------ Primitive Pins DRC Checking

**WARN: Instance 'u_microprocessor_core/u_core/u_branch_execute/g3060' has multiple input pins tied together to net 'u_microprocessor_core/u_core/u_branch_execute/FE_RN_64_0'.
**WARN: Instance 'u_microprocessor_core/u_core/u_branch_execute/g3894' has multiple input pins tied together to net 'u_microprocessor_core/u_core/u_branch_execute/gte_16_40_n_46'.
**WARN: Instance 'u_microprocessor_core/u_core/u_execute_forwarding/g11754' has multiple input pins tied together to net 'u_microprocessor_core/u_core/rs1_execute[3]'.
**WARN: Instance 'u_microprocessor_core/u_core/u_execute_forwarding/g11754' has multiple input pins tied together to net 'u_microprocessor_core/u_core/u_execute_forwarding/n_47'.
**WARN: Instance 'u_microprocessor_core/u_core/u_execute_forwarding/g11755' has multiple input pins tied together to net 'u_microprocessor_core/u_core/rs1_execute[3]'.
**WARN: Instance 'u_microprocessor_core/u_core/u_execute_forwarding/g11755' has multiple input pins tied together to net 'u_microprocessor_core/control_status[22]'.
**WARN: Instance 'u_microprocessor_core/u_core/u_execute_forwarding/g11756' has multiple input pins tied together to net 'u_microprocessor_core/u_core/instruction_memstage[11]'.
**WARN: Instance 'u_microprocessor_core/u_core/u_execute_forwarding/g11756' has multiple input pins tied together to net 'u_microprocessor_core/u_core/rs2_execute[4]'.
**WARN: Instance 'u_microprocessor_core/u_core/u_execute_forwarding/g11759' has multiple input pins tied together to net 'u_microprocessor_core/control_status[20]'.
**WARN: Instance 'u_microprocessor_core/u_core/u_execute_forwarding/g11759' has multiple input pins tied together to net 'u_microprocessor_core/u_core/rs2_execute[1]'.
**WARN: Instance 'u_microprocessor_core/u_core/u_execute_forwarding/g11764' has multiple input pins tied together to net 'u_microprocessor_core/u_core/rs1_execute[1]'.
**WARN: Instance 'u_microprocessor_core/u_core/u_execute_forwarding/g11764' has multiple input pins tied together to net 'u_microprocessor_core/u_core/u_execute_forwarding/n_40'.
**WARN: Instance 'u_microprocessor_core/u_core/u_execute_forwarding/g11765' has multiple input pins tied together to net 'u_microprocessor_core/u_core/rs1_execute[1]'.
**WARN: Instance 'u_microprocessor_core/u_core/u_execute_forwarding/g11765' has multiple input pins tied together to net 'u_microprocessor_core/u_core/u_execute_forwarding/n_45'.
**WARN: Instance 'u_microprocessor_core/u_core/u_execute_forwarding/g11767' has multiple input pins tied together to net 'u_microprocessor_core/u_core/u_execute_forwarding/n_26'.
**WARN: Instance 'u_microprocessor_core/u_core/u_execute_forwarding/g11767' has multiple input pins tied together to net 'u_microprocessor_core/u_core/rs2_execute[0]'.
**WARN: Instance 'u_microprocessor_core/u_core/u_execute_forwarding/g11770' has multiple input pins tied together to net 'u_microprocessor_core/u_core/rs1_execute[2]'.
**WARN: Instance 'u_microprocessor_core/u_core/u_execute_forwarding/g11770' has multiple input pins tied together to net 'u_microprocessor_core/u_core/u_execute_forwarding/n_43'.
**WARN: Instance 'u_microprocessor_core/u_core/u_execute_forwarding/g221' has multiple input pins tied together to net 'u_microprocessor_core/u_core/u_execute_forwarding/n_27'.
**WARN: Instance 'u_microprocessor_core/u_core/u_execute_forwarding/g221' has multiple input pins tied together to net 'u_microprocessor_core/u_core/u_execute_forwarding/n_1651'.
**WARN: Instance 'u_microprocessor_core/u_core/u_executepipeline/g840' has multiple input pins tied together to net 'u_microprocessor_core/u_core/u_executepipeline/n_2'.
**WARN: Instance 'u_microprocessor_core/u_core/u_executestage/u_adder0/add_7_23_g1216' has multiple input pins tied together to net 'u_microprocessor_core/u_core/u_executestage/u_adder0/add_7_23_n_34'.
**WARN: Instance 'u_microprocessor_core/u_core/u_executestage/u_adder0/add_7_23_g1216' has multiple input pins tied together to net 'u_microprocessor_core/u_core/pre_pc_addr_execute[31]'.
**WARN: Instance 'u_microprocessor_core/u_core/u_executestage/u_adder0/add_7_23_g1219' has multiple input pins tied together to net 'u_microprocessor_core/u_core/u_executestage/u_adder0/add_7_23_n_25'.
**WARN: Instance 'u_microprocessor_core/u_core/u_executestage/u_adder0/add_7_23_g1219' has multiple input pins tied together to net 'u_microprocessor_core/u_core/FE_PHN8_pre_pc_addr_execute_27'.
**WARN: Instance 'u_microprocessor_core/u_core/u_executestage/u_adder0/add_7_23_g1220' has multiple input pins tied together to net 'u_microprocessor_core/u_core/u_executestage/u_adder0/add_7_23_n_24'.
**WARN: Instance 'u_microprocessor_core/u_core/u_executestage/u_adder0/add_7_23_g1220' has multiple input pins tied together to net 'u_microprocessor_core/u_core/FE_PHN50_pre_pc_addr_execute_21'.
**WARN: Instance 'u_microprocessor_core/u_core/u_executestage/u_adder0/add_7_23_g1221' has multiple input pins tied together to net 'u_microprocessor_core/u_core/u_executestage/u_adder0/add_7_23_n_26'.
**WARN: Instance 'u_microprocessor_core/u_core/u_executestage/u_adder0/add_7_23_g1221' has multiple input pins tied together to net 'u_microprocessor_core/u_core/pre_pc_addr_execute[25]'.
**WARN: Instance 'u_microprocessor_core/u_core/u_executestage/u_adder0/add_7_23_g1225' has multiple input pins tied together to net 'u_microprocessor_core/u_core/u_executestage/u_adder0/add_7_23_n_23'.
**WARN: Instance 'u_microprocessor_core/u_core/u_executestage/u_adder0/add_7_23_g1225' has multiple input pins tied together to net 'u_microprocessor_core/u_core/pre_pc_addr_execute[29]'.
**WARN: Instance 'u_microprocessor_core/u_core/u_executestage/u_adder0/add_7_23_g1226' has multiple input pins tied together to net 'u_microprocessor_core/u_core/u_executestage/u_adder0/add_7_23_n_0'.
**WARN: Instance 'u_microprocessor_core/u_core/u_executestage/u_adder0/add_7_23_g1226' has multiple input pins tied together to net 'u_microprocessor_core/u_core/pre_pc_addr_execute[30]'.
**WARN: Instance 'u_microprocessor_core/u_core/u_executestage/u_adder0/add_7_23_g1230' has multiple input pins tied together to net 'u_microprocessor_core/u_core/u_executestage/u_adder0/add_7_23_n_17'.
**WARN: Instance 'u_microprocessor_core/u_core/u_executestage/u_adder0/add_7_23_g1230' has multiple input pins tied together to net 'u_microprocessor_core/u_core/pre_pc_addr_execute[28]'.
**WARN: Instance 'u_microprocessor_core/u_core/u_executestage/u_adder0/add_7_23_g1231' has multiple input pins tied together to net 'u_microprocessor_core/u_core/u_executestage/u_adder0/add_7_23_n_19'.
**WARN: Instance 'u_microprocessor_core/u_core/u_executestage/u_adder0/add_7_23_g1231' has multiple input pins tied together to net 'u_microprocessor_core/u_core/pre_pc_addr_execute[24]'.
**WARN: Instance 'u_microprocessor_core/u_core/u_executestage/u_adder0/add_7_23_g1232' has multiple input pins tied together to net 'u_microprocessor_core/u_core/u_executestage/u_adder0/add_7_23_n_20'.
**WARN: Instance 'u_microprocessor_core/u_core/u_executestage/u_adder0/add_7_23_g1232' has multiple input pins tied together to net 'u_microprocessor_core/u_core/pre_pc_addr_execute[20]'.
**WARN: Instance 'u_microprocessor_core/u_core/u_executestage/u_adder0/add_7_23_g1233' has multiple input pins tied together to net 'u_microprocessor_core/u_core/u_executestage/u_adder0/add_7_23_n_18'.
**WARN: Instance 'u_microprocessor_core/u_core/u_executestage/u_adder0/add_7_23_g1233' has multiple input pins tied together to net 'u_microprocessor_core/u_core/pre_pc_addr_execute[26]'.
**WARN: Instance 'u_microprocessor_core/u_core/u_executestage/u_alu0/FE_RC_4634_0' has multiple input pins tied together to net 'u_microprocessor_core/u_core/u_executestage/u_alu0/n_476'.
**WARN: Instance 'u_microprocessor_core/u_core/u_executestage/u_alu0/FE_RC_4634_0' has multiple input pins tied together to net 'u_microprocessor_core/u_core/u_executestage/u_alu0/SUB_TC_OP_2_Y_SUB_TC_OP_1_Y_SUB_TC_OP20_Y_ADD_TC_OP_n_131'.
**WARN: Instance 'u_microprocessor_core/u_core/u_executestage/u_alu0/FE_RC_4616_0' has multiple input pins tied together to net 'u_microprocessor_core/u_core/u_executestage/u_alu0/FE_OFN25681_n'.
**WARN: Instance 'u_microprocessor_core/u_core/u_executestage/u_alu0/FE_RC_4517_0' has multiple input pins tied together to net 'u_microprocessor_core/u_core/alu_in_b[12]'.
**WARN: Instance 'u_microprocessor_core/u_core/u_executestage/u_alu0/FE_RC_4496_0' has multiple input pins tied together to net 'u_microprocessor_core/u_core/u_executestage/u_alu0/FE_OCPN28291_alu_mem_bytes_14'.
**WARN: Instance 'u_microprocessor_core/u_core/u_executestage/u_alu0/FE_RC_4465_0' has multiple input pins tied together to net 'u_microprocessor_core/u_core/u_executestage/u_alu0/SUB_TC_OP_2_Y_SUB_TC_OP_1_Y_SUB_TC_OP20_Y_ADD_TC_OP_n_398'.
**WARN: Instance 'u_microprocessor_core/u_core/u_executestage/u_alu0/FE_RC_4465_0' has multiple input pins tied together to net 'u_microprocessor_core/u_core/u_executestage/u_alu0/SUB_TC_OP_2_Y_SUB_TC_OP_1_Y_SUB_TC_OP20_Y_ADD_TC_OP_n_233'.
**WARN: Instance 'u_microprocessor_core/u_core/u_executestage/u_alu0/g6866' has multiple input pins tied together to net 'u_microprocessor_core/u_core/alu_in_b[31]'.
**WARN: Instance 'u_microprocessor_core/u_core/u_executestage/u_alu0/SUB_TC_OP_2_Y_SUB_TC_OP_1_Y_SUB_TC_OP20_Y_ADD_TC_OP_g1543' has multiple input pins tied together to net 'u_microprocessor_core/u_core/u_executestage/u_alu0/SUB_TC_OP_2_Y_SUB_TC_OP_1_Y_SUB_TC_OP20_Y_ADD_TC_OP_n_427'.
**WARN: Instance 'u_microprocessor_core/u_core/u_executestage/u_alu0/SUB_TC_OP_2_Y_SUB_TC_OP_1_Y_SUB_TC_OP20_Y_ADD_TC_OP_g1543' has multiple input pins tied together to net 'u_microprocessor_core/u_core/u_executestage/u_alu0/SUB_TC_OP_2_Y_SUB_TC_OP_1_Y_SUB_TC_OP20_Y_ADD_TC_OP_n_267'.
**WARN: Instance 'u_microprocessor_core/u_core/u_executestage/u_alu0/SUB_TC_OP_2_Y_SUB_TC_OP_1_Y_SUB_TC_OP20_Y_ADD_TC_OP_g1544' has multiple input pins tied together to net 'u_microprocessor_core/u_core/u_executestage/u_alu0/n_1746'.
**WARN: Instance 'u_microprocessor_core/u_core/u_executestage/u_alu0/SUB_TC_OP_2_Y_SUB_TC_OP_1_Y_SUB_TC_OP20_Y_ADD_TC_OP_g1544' has multiple input pins tied together to net 'u_microprocessor_core/u_core/u_executestage/u_alu0/SUB_TC_OP_2_Y_SUB_TC_OP_1_Y_SUB_TC_OP20_Y_ADD_TC_OP_n_264'.
**WARN: Instance 'u_microprocessor_core/u_core/u_executestage/u_alu0/SUB_TC_OP_2_Y_SUB_TC_OP_1_Y_SUB_TC_OP20_Y_ADD_TC_OP_g1545' has multiple input pins tied together to net 'u_microprocessor_core/u_core/u_executestage/u_alu0/SUB_TC_OP_2_Y_SUB_TC_OP_1_Y_SUB_TC_OP20_Y_ADD_TC_OP_n_417'.
**WARN: Instance 'u_microprocessor_core/u_core/u_executestage/u_alu0/SUB_TC_OP_2_Y_SUB_TC_OP_1_Y_SUB_TC_OP20_Y_ADD_TC_OP_g1545' has multiple input pins tied together to net 'u_microprocessor_core/u_core/u_executestage/u_alu0/SUB_TC_OP_2_Y_SUB_TC_OP_1_Y_SUB_TC_OP20_Y_ADD_TC_OP_n_256'.
**WARN: Instance 'u_microprocessor_core/u_core/u_executestage/u_alu0/SUB_TC_OP_2_Y_SUB_TC_OP_1_Y_SUB_TC_OP20_Y_ADD_TC_OP_g1546' has multiple input pins tied together to net 'u_microprocessor_core/u_core/u_executestage/u_alu0/n_1744'.
**WARN: Instance 'u_microprocessor_core/u_core/u_executestage/u_alu0/SUB_TC_OP_2_Y_SUB_TC_OP_1_Y_SUB_TC_OP20_Y_ADD_TC_OP_g1546' has multiple input pins tied together to net 'u_microprocessor_core/u_core/u_executestage/u_alu0/SUB_TC_OP_2_Y_SUB_TC_OP_1_Y_SUB_TC_OP20_Y_ADD_TC_OP_n_268'.
**WARN: Instance 'u_microprocessor_core/u_core/u_executestage/u_alu0/SUB_TC_OP_2_Y_SUB_TC_OP_1_Y_SUB_TC_OP20_Y_ADD_TC_OP_g1547' has multiple input pins tied together to net 'u_microprocessor_core/u_core/u_executestage/u_alu0/SUB_TC_OP_2_Y_SUB_TC_OP_1_Y_SUB_TC_OP20_Y_ADD_TC_OP_n_416'.
**WARN: Instance 'u_microprocessor_core/u_core/u_executestage/u_alu0/SUB_TC_OP_2_Y_SUB_TC_OP_1_Y_SUB_TC_OP20_Y_ADD_TC_OP_g1547' has multiple input pins tied together to net 'u_microprocessor_core/u_core/u_executestage/u_alu0/SUB_TC_OP_2_Y_SUB_TC_OP_1_Y_SUB_TC_OP20_Y_ADD_TC_OP_n_225'.
**WARN: Instance 'u_microprocessor_core/u_core/u_executestage/u_alu0/SUB_TC_OP_2_Y_SUB_TC_OP_1_Y_SUB_TC_OP20_Y_ADD_TC_OP_g1549' has multiple input pins tied together to net 'u_microprocessor_core/u_core/u_executestage/u_alu0/SUB_TC_OP_2_Y_SUB_TC_OP_1_Y_SUB_TC_OP20_Y_ADD_TC_OP_n_419'.
**WARN: Instance 'u_microprocessor_core/u_core/u_executestage/u_alu0/SUB_TC_OP_2_Y_SUB_TC_OP_1_Y_SUB_TC_OP20_Y_ADD_TC_OP_g1549' has multiple input pins tied together to net 'u_microprocessor_core/u_core/u_executestage/u_alu0/SUB_TC_OP_2_Y_SUB_TC_OP_1_Y_SUB_TC_OP20_Y_ADD_TC_OP_n_244'.
**WARN: Instance 'u_microprocessor_core/u_core/u_executestage/u_alu0/SUB_TC_OP_2_Y_SUB_TC_OP_1_Y_SUB_TC_OP20_Y_ADD_TC_OP_g1550' has multiple input pins tied together to net 'u_microprocessor_core/u_core/u_executestage/u_alu0/n_1748'.
**WARN: Instance 'u_microprocessor_core/u_core/u_executestage/u_alu0/SUB_TC_OP_2_Y_SUB_TC_OP_1_Y_SUB_TC_OP20_Y_ADD_TC_OP_g1550' has multiple input pins tied together to net 'u_microprocessor_core/u_core/u_executestage/u_alu0/SUB_TC_OP_2_Y_SUB_TC_OP_1_Y_SUB_TC_OP20_Y_ADD_TC_OP_n_258'.
**WARN: Instance 'u_microprocessor_core/u_core/u_executestage/u_alu0/SUB_TC_OP_2_Y_SUB_TC_OP_1_Y_SUB_TC_OP20_Y_ADD_TC_OP_g1551' has multiple input pins tied together to net 'u_microprocessor_core/u_core/u_executestage/u_alu0/n_1747'.
**WARN: Instance 'u_microprocessor_core/u_core/u_executestage/u_alu0/SUB_TC_OP_2_Y_SUB_TC_OP_1_Y_SUB_TC_OP20_Y_ADD_TC_OP_g1551' has multiple input pins tied together to net 'u_microprocessor_core/u_core/u_executestage/u_alu0/SUB_TC_OP_2_Y_SUB_TC_OP_1_Y_SUB_TC_OP20_Y_ADD_TC_OP_n_262'.
**WARN: Instance 'u_microprocessor_core/u_core/u_executestage/u_alu0/SUB_TC_OP_2_Y_SUB_TC_OP_1_Y_SUB_TC_OP20_Y_ADD_TC_OP_g1580' has multiple input pins tied together to net 'u_microprocessor_core/u_core/u_executestage/u_alu0/SUB_TC_OP_2_Y_SUB_TC_OP_1_Y_SUB_TC_OP20_Y_ADD_TC_OP_n_394'.
**WARN: Instance 'u_microprocessor_core/u_core/u_executestage/u_alu0/SUB_TC_OP_2_Y_SUB_TC_OP_1_Y_SUB_TC_OP20_Y_ADD_TC_OP_g1580' has multiple input pins tied together to net 'u_microprocessor_core/u_core/u_executestage/u_alu0/SUB_TC_OP_2_Y_SUB_TC_OP_1_Y_SUB_TC_OP20_Y_ADD_TC_OP_n_232'.
**WARN: Instance 'u_microprocessor_core/u_core/u_executestage/u_alu0/SUB_TC_OP_2_Y_SUB_TC_OP_1_Y_SUB_TC_OP20_Y_ADD_TC_OP_g1583' has multiple input pins tied together to net 'u_microprocessor_core/u_core/u_executestage/u_alu0/SUB_TC_OP_2_Y_SUB_TC_OP_1_Y_SUB_TC_OP20_Y_ADD_TC_OP_n_391'.
**WARN: Instance 'u_microprocessor_core/u_core/u_executestage/u_alu0/SUB_TC_OP_2_Y_SUB_TC_OP_1_Y_SUB_TC_OP20_Y_ADD_TC_OP_g1583' has multiple input pins tied together to net 'u_microprocessor_core/u_core/u_executestage/u_alu0/FE_PHN362_SUB_TC_OP_2_Y_SUB_TC_OP_1_Y_SUB_TC_OP20_Y_ADD_TC_OP_n_236'.
**WARN: Instance 'u_microprocessor_core/u_core/u_executestage/u_alu0/SUB_TC_OP_2_Y_SUB_TC_OP_1_Y_SUB_TC_OP20_Y_ADD_TC_OP_g1612' has multiple input pins tied together to net 'u_microprocessor_core/u_core/u_executestage/u_alu0/FE_OCPN28150_SUB_TC_OP_2_Y_SUB_TC_OP_1_Y_SUB_TC_OP20_Y_ADD_TC_OP_n_57'.
**WARN: Instance 'u_microprocessor_core/u_core/u_executestage/u_alu0/SUB_TC_OP_2_Y_SUB_TC_OP_1_Y_SUB_TC_OP20_Y_ADD_TC_OP_g1612' has multiple input pins tied together to net 'u_microprocessor_core/u_core/u_executestage/u_alu0/SUB_TC_OP_2_Y_SUB_TC_OP_1_Y_SUB_TC_OP20_Y_ADD_TC_OP_n_321'.
**WARN: Instance 'u_microprocessor_core/u_core/u_executestage/u_alu0/SUB_TC_OP_2_Y_SUB_TC_OP_1_Y_SUB_TC_OP20_Y_ADD_TC_OP_g1622' has multiple input pins tied together to net 'u_microprocessor_core/u_core/u_executestage/u_alu0/SUB_TC_OP_2_Y_SUB_TC_OP_1_Y_SUB_TC_OP20_Y_ADD_TC_OP_n_374'.
**WARN: Instance 'u_microprocessor_core/u_core/u_executestage/u_alu0/SUB_TC_OP_2_Y_SUB_TC_OP_1_Y_SUB_TC_OP20_Y_ADD_TC_OP_g1622' has multiple input pins tied together to net 'u_microprocessor_core/u_core/u_executestage/u_alu0/SUB_TC_OP_2_Y_SUB_TC_OP_1_Y_SUB_TC_OP20_Y_ADD_TC_OP_n_235'.
**WARN: Instance 'u_microprocessor_core/u_core/u_executestage/u_alu0/SUB_TC_OP_2_Y_SUB_TC_OP_1_Y_SUB_TC_OP20_Y_ADD_TC_OP_g1623' has multiple input pins tied together to net 'u_microprocessor_core/u_core/u_executestage/u_alu0/SUB_TC_OP_2_Y_SUB_TC_OP_1_Y_SUB_TC_OP20_Y_ADD_TC_OP_n_375'.
**WARN: Instance 'u_microprocessor_core/u_core/u_executestage/u_alu0/SUB_TC_OP_2_Y_SUB_TC_OP_1_Y_SUB_TC_OP20_Y_ADD_TC_OP_g1623' has multiple input pins tied together to net 'u_microprocessor_core/u_core/u_executestage/u_alu0/SUB_TC_OP_2_Y_SUB_TC_OP_1_Y_SUB_TC_OP20_Y_ADD_TC_OP_n_259'.
**WARN: Instance 'u_microprocessor_core/u_core/u_executestage/u_alu0/SUB_TC_OP_2_Y_SUB_TC_OP_1_Y_SUB_TC_OP20_Y_ADD_TC_OP_g1624' has multiple input pins tied together to net 'u_microprocessor_core/u_core/u_executestage/u_alu0/SUB_TC_OP_2_Y_SUB_TC_OP_1_Y_SUB_TC_OP20_Y_ADD_TC_OP_n_35'.
**WARN: Instance 'u_microprocessor_core/u_core/u_executestage/u_alu0/SUB_TC_OP_2_Y_SUB_TC_OP_1_Y_SUB_TC_OP20_Y_ADD_TC_OP_g1624' has multiple input pins tied together to net 'u_microprocessor_core/u_core/u_executestage/u_alu0/SUB_TC_OP_2_Y_SUB_TC_OP_1_Y_SUB_TC_OP20_Y_ADD_TC_OP_n_266'.
**WARN: Instance 'u_microprocessor_core/u_core/u_executestage/u_alu0/SUB_TC_OP_2_Y_SUB_TC_OP_1_Y_SUB_TC_OP20_Y_ADD_TC_OP_g1637' has multiple input pins tied together to net 'u_microprocessor_core/u_core/u_executestage/u_alu0/FE_OCPN28160_SUB_TC_OP_2_Y_SUB_TC_OP_1_Y_SUB_TC_OP20_Y_ADD_TC_OP_n_357'.
**WARN: Instance 'u_microprocessor_core/u_core/u_executestage/u_alu0/SUB_TC_OP_2_Y_SUB_TC_OP_1_Y_SUB_TC_OP20_Y_ADD_TC_OP_g1637' has multiple input pins tied together to net 'u_microprocessor_core/u_core/u_executestage/u_alu0/SUB_TC_OP_2_Y_SUB_TC_OP_1_Y_SUB_TC_OP20_Y_ADD_TC_OP_n_257'.
**WARN: Instance 'u_microprocessor_core/u_core/u_executestage/u_alu0/SUB_TC_OP_2_Y_SUB_TC_OP_1_Y_SUB_TC_OP20_Y_ADD_TC_OP_g1642' has multiple input pins tied together to net 'u_microprocessor_core/u_core/u_executestage/u_alu0/SUB_TC_OP_2_Y_SUB_TC_OP_1_Y_SUB_TC_OP20_Y_ADD_TC_OP_n_358'.
**WARN: Instance 'u_microprocessor_core/u_core/u_executestage/u_alu0/SUB_TC_OP_2_Y_SUB_TC_OP_1_Y_SUB_TC_OP20_Y_ADD_TC_OP_g1642' has multiple input pins tied together to net 'u_microprocessor_core/u_core/u_executestage/u_alu0/SUB_TC_OP_2_Y_SUB_TC_OP_1_Y_SUB_TC_OP20_Y_ADD_TC_OP_n_242'.
**WARN: Instance 'u_microprocessor_core/u_core/u_executestage/u_alu0/SUB_TC_OP_2_Y_SUB_TC_OP_1_Y_SUB_TC_OP20_Y_ADD_TC_OP_g1666' has multiple input pins tied together to net 'u_microprocessor_core/u_core/u_executestage/u_alu0/SUB_TC_OP_2_Y_SUB_TC_OP_1_Y_SUB_TC_OP20_Y_ADD_TC_OP_n_31'.
**WARN: Instance 'u_microprocessor_core/u_core/u_executestage/u_alu0/SUB_TC_OP_2_Y_SUB_TC_OP_1_Y_SUB_TC_OP20_Y_ADD_TC_OP_g1666' has multiple input pins tied together to net 'u_microprocessor_core/u_core/u_executestage/u_alu0/SUB_TC_OP_2_Y_SUB_TC_OP_1_Y_SUB_TC_OP20_Y_ADD_TC_OP_n_253'.
**WARN: Instance 'u_microprocessor_core/u_core/u_executestage/u_alu0/SUB_TC_OP_2_Y_SUB_TC_OP_1_Y_SUB_TC_OP20_Y_ADD_TC_OP_g1686' has multiple input pins tied together to net 'u_microprocessor_core/u_core/u_executestage/u_alu0/SUB_TC_OP_2_Y_SUB_TC_OP_1_Y_SUB_TC_OP20_Y_ADD_TC_OP_n_239'.
**WARN: Instance 'u_microprocessor_core/u_core/u_executestage/u_alu0/SUB_TC_OP_2_Y_SUB_TC_OP_1_Y_SUB_TC_OP20_Y_ADD_TC_OP_g1686' has multiple input pins tied together to net 'u_microprocessor_core/u_core/u_executestage/u_alu0/SUB_TC_OP_2_Y_SUB_TC_OP_1_Y_SUB_TC_OP20_Y_ADD_TC_OP_n_45'.
**WARN: Instance 'u_microprocessor_core/u_core/u_executestage/u_alu0/SUB_TC_OP_2_Y_SUB_TC_OP_1_Y_SUB_TC_OP20_Y_ADD_TC_OP_g1805' has multiple input pins tied together to net 'u_microprocessor_core/u_core/u_executestage/u_alu0/SUB_TC_OP_2_Y_SUB_TC_OP_1_Y_SUB_TC_OP20_Y_ADD_TC_OP_n_112'.
**WARN: Instance 'u_microprocessor_core/u_core/u_executestage/u_alu0/SUB_TC_OP_2_Y_SUB_TC_OP_1_Y_SUB_TC_OP20_Y_ADD_TC_OP_g1805' has multiple input pins tied together to net 'u_microprocessor_core/u_core/u_executestage/u_alu0/FE_OFN655_alu_mem_bytes_0'.
**WARN: Instance 'u_microprocessor_core/u_core/u_executestage/u_alu0/SUB_TC_OP_2_Y_SUB_TC_OP_1_Y_SUB_TC_OP20_Y_ADD_TC_OP_g1931' has multiple input pins tied together to net 'u_microprocessor_core/u_core/alu_in_b[26]'.
**WARN: Instance 'u_microprocessor_core/u_core/u_executestage/u_alu0/SUB_TC_OP_2_Y_SUB_TC_OP_1_Y_SUB_TC_OP20_Y_ADD_TC_OP_g1931' has multiple input pins tied together to net 'u_microprocessor_core/u_core/u_executestage/u_alu0/SUB_TC_OP_2_Y_SUB_TC_OP_1_Y_SUB_TC_OP20_Y_ADD_TC_OP_n_45'.
**WARN: Instance 'u_microprocessor_core/u_core/u_executestage/u_alu0/SUB_TC_OP_2_Y_SUB_TC_OP_1_Y_SUB_TC_OP20_Y_ADD_TC_OP_g1939' has multiple input pins tied together to net 'u_microprocessor_core/u_core/alu_in_b[17]'.
**WARN: Instance 'u_microprocessor_core/u_core/u_executestage/u_alu0/SUB_TC_OP_2_Y_SUB_TC_OP_1_Y_SUB_TC_OP20_Y_ADD_TC_OP_g1939' has multiple input pins tied together to net 'u_microprocessor_core/u_core/u_executestage/u_alu0/SUB_TC_OP_2_Y_SUB_TC_OP_1_Y_SUB_TC_OP20_Y_ADD_TC_OP_n_45'.
**WARN: Instance 'u_microprocessor_core/u_core/u_executestage/u_alu0/SUB_TC_OP_2_Y_SUB_TC_OP_1_Y_SUB_TC_OP20_Y_ADD_TC_OP_g1940' has multiple input pins tied together to net 'u_microprocessor_core/u_core/u_executestage/u_alu0/SUB_TC_OP_2_Y_SUB_TC_OP_1_Y_SUB_TC_OP20_Y_ADD_TC_OP_n_46'.
**WARN: Instance 'u_microprocessor_core/u_core/u_executestage/u_alu0/SUB_TC_OP_2_Y_SUB_TC_OP_1_Y_SUB_TC_OP20_Y_ADD_TC_OP_g1940' has multiple input pins tied together to net 'u_microprocessor_core/u_core/u_executestage/u_alu0/FE_OFN444_alu_mem_bytes_11'.
**WARN: Instance 'u_microprocessor_core/u_core/u_executestage/u_alu0/SUB_TC_OP_2_Y_SUB_TC_OP_1_Y_SUB_TC_OP20_Y_ADD_TC_OP_g1944' has multiple input pins tied together to net 'u_microprocessor_core/u_core/u_executestage/u_alu0/n_475'.
**WARN: Instance 'u_microprocessor_core/u_core/u_executestage/u_alu0/SUB_TC_OP_2_Y_SUB_TC_OP_1_Y_SUB_TC_OP20_Y_ADD_TC_OP_g1944' has multiple input pins tied together to net 'u_microprocessor_core/u_core/u_executestage/u_alu0/SUB_TC_OP_2_Y_SUB_TC_OP_1_Y_SUB_TC_OP20_Y_ADD_TC_OP_n_46'.
**WARN: Instance 'u_microprocessor_core/u_core/u_executestage/u_alu0/SUB_TC_OP_2_Y_SUB_TC_OP_1_Y_SUB_TC_OP20_Y_ADD_TC_OP_g1958' has multiple input pins tied together to net 'u_microprocessor_core/u_core/alu_in_b[10]'.
**WARN: Instance 'u_microprocessor_core/u_core/u_executestage/u_alu0/SUB_TC_OP_2_Y_SUB_TC_OP_1_Y_SUB_TC_OP20_Y_ADD_TC_OP_g1958' has multiple input pins tied together to net 'u_microprocessor_core/u_core/u_executestage/u_alu0/SUB_TC_OP_2_Y_SUB_TC_OP_1_Y_SUB_TC_OP20_Y_ADD_TC_OP_n_45'.
**WARN: Instance 'u_microprocessor_core/u_core/u_executestage/u_alu0/SUB_TC_OP_2_Y_SUB_TC_OP_1_Y_SUB_TC_OP20_Y_ADD_TC_OP_g1961' has multiple input pins tied together to net 'u_microprocessor_core/u_core/alu_in_b[23]'.
**WARN: Instance 'u_microprocessor_core/u_core/u_executestage/u_alu0/SUB_TC_OP_2_Y_SUB_TC_OP_1_Y_SUB_TC_OP20_Y_ADD_TC_OP_g1961' has multiple input pins tied together to net 'u_microprocessor_core/u_core/u_executestage/u_alu0/SUB_TC_OP_2_Y_SUB_TC_OP_1_Y_SUB_TC_OP20_Y_ADD_TC_OP_n_45'.
**WARN: Instance 'u_microprocessor_core/u_core/u_executestage/u_alu0/SUB_TC_OP_2_Y_SUB_TC_OP_1_Y_SUB_TC_OP20_Y_ADD_TC_OP_g1965' has multiple input pins tied together to net 'u_microprocessor_core/u_core/alu_in_b[29]'.
**WARN: Instance 'u_microprocessor_core/u_core/u_executestage/u_alu0/SUB_TC_OP_2_Y_SUB_TC_OP_1_Y_SUB_TC_OP20_Y_ADD_TC_OP_g1965' has multiple input pins tied together to net 'u_microprocessor_core/u_core/u_executestage/u_alu0/SUB_TC_OP_2_Y_SUB_TC_OP_1_Y_SUB_TC_OP20_Y_ADD_TC_OP_n_45'.
**WARN: Instance 'u_microprocessor_core/u_core/u_executestage/u_alu0/SUB_TC_OP_2_Y_SUB_TC_OP_1_Y_SUB_TC_OP20_Y_ADD_TC_OP_g1966' has multiple input pins tied together to net 'u_microprocessor_core/u_core/alu_in_b[31]'.
**WARN: Instance 'u_microprocessor_core/u_core/u_executestage/u_alu0/SUB_TC_OP_2_Y_SUB_TC_OP_1_Y_SUB_TC_OP20_Y_ADD_TC_OP_g1966' has multiple input pins tied together to net 'u_microprocessor_core/u_core/u_executestage/u_alu0/SUB_TC_OP_2_Y_SUB_TC_OP_1_Y_SUB_TC_OP20_Y_ADD_TC_OP_n_45'.
**WARN: Instance 'u_microprocessor_core/u_core/u_executestage/u_alu0/SUB_TC_OP_2_Y_SUB_TC_OP_1_Y_SUB_TC_OP20_Y_ADD_TC_OP_g1968' has multiple input pins tied together to net 'u_microprocessor_core/u_core/alu_in_b[28]'.
**WARN: Instance 'u_microprocessor_core/u_core/u_executestage/u_alu0/SUB_TC_OP_2_Y_SUB_TC_OP_1_Y_SUB_TC_OP20_Y_ADD_TC_OP_g1968' has multiple input pins tied together to net 'u_microprocessor_core/u_core/u_executestage/u_alu0/SUB_TC_OP_2_Y_SUB_TC_OP_1_Y_SUB_TC_OP20_Y_ADD_TC_OP_n_45'.
**WARN: Instance 'u_microprocessor_core/u_core/u_executestage/u_alu0/sll_18_25_g2716' has multiple input pins tied together to net 'u_microprocessor_core/u_core/u_executestage/u_alu0/FE_OCPN28276_n_1772'.
**WARN: Instance 'u_microprocessor_core/u_core/u_executestage/u_alu0/sll_18_25_g2735' has multiple input pins tied together to net 'u_microprocessor_core/u_core/u_executestage/u_alu0/FE_OFN25718_n'.
**WARN: Instance 'u_microprocessor_core/u_core/u_executestage/u_alu0/sll_18_25_g2783' has multiple input pins tied together to net 'u_microprocessor_core/u_core/u_executestage/u_alu0/FE_OCPN26428_alu_mem_bytes_9'.
**WARN: Instance 'u_microprocessor_core/u_core/u_executestage/u_alu0/sll_18_25_g2785' has multiple input pins tied together to net 'u_microprocessor_core/u_core/u_executestage/u_alu0/FE_OFN26368_n'.
**WARN: Instance 'u_microprocessor_core/u_core/u_executestage/u_alu0/sra_33_34_g2750' has multiple input pins tied together to net 'u_microprocessor_core/u_core/u_executestage/u_alu0/FE_OFN443_alu_mem_bytes_11'.
**WARN: Instance 'u_microprocessor_core/u_core/u_executestage/u_alu0/sra_33_34_g2751' has multiple input pins tied together to net 'u_microprocessor_core/u_core/u_executestage/u_alu0/FE_OFN443_alu_mem_bytes_11'.
**WARN: Instance 'u_microprocessor_core/u_core/u_executestage/u_alu0/sra_33_34_g2752' has multiple input pins tied together to net 'u_microprocessor_core/u_core/u_executestage/u_alu0/FE_OFN443_alu_mem_bytes_11'.
**WARN: Instance 'u_microprocessor_core/u_core/u_executestage/u_alu0/sra_33_34_g2753' has multiple input pins tied together to net 'u_microprocessor_core/u_core/u_executestage/u_alu0/FE_OFN443_alu_mem_bytes_11'.
**WARN: Instance 'u_microprocessor_core/u_core/u_executestage/u_alu0/sra_33_34_g2799' has multiple input pins tied together to net 'u_microprocessor_core/u_core/u_executestage/u_alu0/FE_DBTN171_alu_mem_bytes_9'.
**WARN: Instance 'u_microprocessor_core/u_core/u_executestage/u_alu0/sra_33_34_g2806' has multiple input pins tied together to net 'u_microprocessor_core/u_core/u_executestage/u_alu0/FE_OFN26365_n'.
**WARN: Instance 'u_microprocessor_core/u_core/u_executestage/u_alu0/sra_33_34_g2808' has multiple input pins tied together to net 'u_microprocessor_core/u_core/u_executestage/u_alu0/FE_OCPN26428_alu_mem_bytes_9'.
**WARN: Instance 'u_microprocessor_core/u_core/u_executestage/u_alu0/srl_30_25_g2720' has multiple input pins tied together to net 'u_microprocessor_core/u_core/u_executestage/u_alu0/FE_OCPN28276_n_1772'.
**WARN: Instance 'u_microprocessor_core/u_core/u_executestage/u_alu0/srl_30_25_g2767' has multiple input pins tied together to net 'u_microprocessor_core/u_core/u_executestage/u_alu0/FE_OFN25718_n'.
**WARN: Instance 'u_microprocessor_core/u_core/u_executestage/u_alu0/srl_30_25_g2777' has multiple input pins tied together to net 'u_microprocessor_core/u_core/u_executestage/u_alu0/FE_OCPN26428_alu_mem_bytes_9'.
**WARN: Instance 'u_microprocessor_core/u_core/u_executestage/u_alu0/srl_30_25_g2795' has multiple input pins tied together to net 'u_microprocessor_core/u_core/u_executestage/u_alu0/FE_OCPN26428_alu_mem_bytes_9'.
**WARN: Instance 'u_microprocessor_core/u_core/u_executestage/u_alu0/srl_30_25_g2801' has multiple input pins tied together to net 'u_microprocessor_core/u_core/u_executestage/u_alu0/FE_OFN519_alu_mem_bytes_9'.
**WARN: Instance 'u_microprocessor_core/u_core/u_fetchstage/u_pc0/ADD_UNS_OP_g1242' has multiple input pins tied together to net 'u_microprocessor_core/u_core/u_fetchstage/u_pc0/ADD_UNS_OP_n_35'.
**WARN: Instance 'u_microprocessor_core/u_core/u_fetchstage/u_pc0/ADD_UNS_OP_g1242' has multiple input pins tied together to net 'u_microprocessor_core/pc_address[31]'.
**WARN: Instance 'u_microprocessor_core/u_core/u_fetchstage/u_pc0/ADD_UNS_OP_g1245' has multiple input pins tied together to net 'u_microprocessor_core/u_core/u_fetchstage/u_pc0/ADD_UNS_OP_n_26'.
**WARN: Instance 'u_microprocessor_core/u_core/u_fetchstage/u_pc0/ADD_UNS_OP_g1245' has multiple input pins tied together to net 'u_microprocessor_core/pc_address[27]'.
**WARN: Instance 'u_microprocessor_core/u_core/u_fetchstage/u_pc0/ADD_UNS_OP_g1246' has multiple input pins tied together to net 'u_microprocessor_core/u_core/u_fetchstage/u_pc0/ADD_UNS_OP_n_25'.
**WARN: Instance 'u_microprocessor_core/u_core/u_fetchstage/u_pc0/ADD_UNS_OP_g1246' has multiple input pins tied together to net 'u_microprocessor_core/pc_address[21]'.
**WARN: Instance 'u_microprocessor_core/u_core/u_fetchstage/u_pc0/ADD_UNS_OP_g1247' has multiple input pins tied together to net 'u_microprocessor_core/u_core/u_fetchstage/u_pc0/ADD_UNS_OP_n_27'.
**WARN: Instance 'u_microprocessor_core/u_core/u_fetchstage/u_pc0/ADD_UNS_OP_g1247' has multiple input pins tied together to net 'u_microprocessor_core/pc_address[25]'.
**WARN: Instance 'u_microprocessor_core/u_core/u_fetchstage/u_pc0/ADD_UNS_OP_g1251' has multiple input pins tied together to net 'u_microprocessor_core/u_core/u_fetchstage/u_pc0/ADD_UNS_OP_n_24'.
**WARN: Instance 'u_microprocessor_core/u_core/u_fetchstage/u_pc0/ADD_UNS_OP_g1251' has multiple input pins tied together to net 'u_microprocessor_core/pc_address[29]'.
**WARN: Instance 'u_microprocessor_core/u_core/u_fetchstage/u_pc0/ADD_UNS_OP_g1252' has multiple input pins tied together to net 'u_microprocessor_core/u_core/u_fetchstage/u_pc0/ADD_UNS_OP_n_0'.
**WARN: Instance 'u_microprocessor_core/u_core/u_fetchstage/u_pc0/ADD_UNS_OP_g1252' has multiple input pins tied together to net 'u_microprocessor_core/pc_address[30]'.
**WARN: Instance 'u_microprocessor_core/u_core/u_fetchstage/u_pc0/ADD_UNS_OP_g1256' has multiple input pins tied together to net 'u_microprocessor_core/u_core/u_fetchstage/u_pc0/ADD_UNS_OP_n_19'.
**WARN: Instance 'u_microprocessor_core/u_core/u_fetchstage/u_pc0/ADD_UNS_OP_g1256' has multiple input pins tied together to net 'u_microprocessor_core/pc_address[28]'.
**WARN: Instance 'u_microprocessor_core/u_core/u_fetchstage/u_pc0/ADD_UNS_OP_g1257' has multiple input pins tied together to net 'u_microprocessor_core/u_core/u_fetchstage/u_pc0/ADD_UNS_OP_n_20'.
**WARN: Instance 'u_microprocessor_core/u_core/u_fetchstage/u_pc0/ADD_UNS_OP_g1257' has multiple input pins tied together to net 'u_microprocessor_core/pc_address[24]'.
**WARN: Instance 'u_microprocessor_core/u_core/u_fetchstage/u_pc0/ADD_UNS_OP_g1258' has multiple input pins tied together to net 'u_microprocessor_core/u_core/u_fetchstage/u_pc0/ADD_UNS_OP_n_21'.
**WARN: Instance 'u_microprocessor_core/u_core/u_fetchstage/u_pc0/ADD_UNS_OP_g1258' has multiple input pins tied together to net 'u_microprocessor_core/pc_address[20]'.
**WARN: Instance 'u_microprocessor_core/u_core/u_fetchstage/u_pc0/ADD_UNS_OP_g1259' has multiple input pins tied together to net 'u_microprocessor_core/u_core/u_fetchstage/u_pc0/ADD_UNS_OP_n_18'.
**WARN: Instance 'u_microprocessor_core/u_core/u_fetchstage/u_pc0/ADD_UNS_OP_g1259' has multiple input pins tied together to net 'u_microprocessor_core/pc_address[26]'.
**WARN: Instance 'u_microprocessor_core/u_core/g668' has multiple input pins tied together to net 'u_microprocessor_core/ifid_instruction[22]'.
**WARN: Instance 'u_microprocessor_core/u_core/g671' has multiple input pins tied together to net 'u_microprocessor_core/ifid_instruction[16]'.
**WARN: Instance 'u_microprocessor_core/u_core/g673' has multiple input pins tied together to net 'u_microprocessor_core/u_core/FE_PHN194_instruction_execute_7'.
**WARN: Instance 'u_microprocessor_core/u_core/g673' has multiple input pins tied together to net 'u_microprocessor_core/u_core/FE_DBTN3_ifid_instruction_15'.
**WARN: Instance 'u_microprocessor_core/u_core/g674' has multiple input pins tied together to net 'u_microprocessor_core/u_core/FE_PHN207_instruction_execute_9'.
**WARN: Instance 'u_microprocessor_core/u_core/g674' has multiple input pins tied together to net 'u_microprocessor_core/u_core/FE_DBTN4_ifid_instruction_17'.
**WARN: Instance 'u_microprocessor_core/u_core/g675' has multiple input pins tied together to net 'u_microprocessor_core/ifid_instruction[19]'.
**WARN: Instance 'u_microprocessor_core/u_core/g675' has multiple input pins tied together to net 'u_microprocessor_core/u_core/n_1'.
**WARN: Instance 'u_microprocessor_core/u_core/g676' has multiple input pins tied together to net 'u_microprocessor_core/u_core/FE_PHN185_ifid_instruction_23'.
**WARN: Instance 'u_microprocessor_core/u_core/g676' has multiple input pins tied together to net 'u_microprocessor_core/u_core/n_6'.
**WARN: Instance 'u_microprocessor_core/u_core/g677' has multiple input pins tied together to net 'u_microprocessor_core/u_core/FE_PHN184_ifid_instruction_24'.
**WARN: Instance 'u_microprocessor_core/u_core/g677' has multiple input pins tied together to net 'u_microprocessor_core/u_core/n_1'.
**WARN: Instance 'u_microprocessor_core/u_data_memory/u_memory/g434889' has multiple input pins tied together to net 'u_microprocessor_core/u_data_memory/u_memory/FE_OCPN2848_FE_OFN686_n_16258'.
**WARN: Instance 'u_microprocessor_core/u_data_memory/u_memory/g435316' has multiple input pins tied together to net 'u_microprocessor_core/u_data_memory/u_memory/FE_OFN25583_n_16258'.
**WARN: Instance 'u_microprocessor_core/u_data_memory/u_memory/n_6094' has multiple input pins tied together to net 'u_microprocessor_core/u_data_memory/u_memory/n_6094'.
**WARN: Instance 'u_microprocessor_core/u_data_memory/u_memory/g435445' has multiple input pins tied together to net 'u_microprocessor_core/u_data_memory/u_memory/FE_OCPN27225_n'.
**WARN: Instance 'u_microprocessor_core/u_data_memory/u_memory/g435531' has multiple input pins tied together to net 'u_microprocessor_core/u_data_memory/u_memory/FE_OCPN2848_FE_OFN686_n_16258'.
**WARN: Instance 'u_microprocessor_core/u_data_memory/u_memory/g436336' has multiple input pins tied together to net 'u_microprocessor_core/u_data_memory/u_memory/FE_OCPN3196_n_21684'.
**WARN: Instance 'u_microprocessor_core/u_data_memory/u_memory/g436337' has multiple input pins tied together to net 'u_microprocessor_core/u_data_memory/u_memory/FE_OCPN2525_n_20617'.
**WARN: Instance 'u_microprocessor_core/u_data_memory/u_memory/g449071' has multiple input pins tied together to net 'u_microprocessor_core/u_data_memory/u_memory/FE_OCPN2222_n_26533'.
**WARN: Instance 'u_microprocessor_core/u_data_memory/u_memory/g455118' has multiple input pins tied together to net 'u_microprocessor_core/u_data_memory/u_memory/FE_OCPN28081_n_26884'.
**WARN: Instance 'u_microprocessor_core/u_data_memory/u_memory/n_25609' has multiple input pins tied together to net 'u_microprocessor_core/u_data_memory/u_memory/n_25609'.
**WARN: Instance 'u_microprocessor_core/u_data_memory/u_memory/FE_DBTN135_n_6239' has multiple input pins tied together to net 'u_microprocessor_core/u_data_memory/u_memory/FE_DBTN135_n_6239'.
**WARN: Instance 'u_microprocessor_core/u_data_memory/u_memory/g456693' has multiple input pins tied together to net 'u_microprocessor_core/u_data_memory/u_memory/n_20953'.
**WARN: Instance 'u_microprocessor_core/u_data_memory/u_memory/g456834' has multiple input pins tied together to net 'u_microprocessor_core/u_data_memory/u_memory/FE_OCPN5668_FE_OFN685_n_16258'.
**WARN: Instance 'u_microprocessor_core/u_data_memory/u_memory/g456834' has multiple input pins tied together to net 'u_microprocessor_core/u_data_memory/u_memory/FE_OCPN5668_FE_OFN685_n_16258'.
**WARN: Instance 'u_microprocessor_core/u_data_memory/u_memory/n_10664' has multiple input pins tied together to net 'u_microprocessor_core/u_data_memory/u_memory/FE_OCPN5668_FE_OFN685_n_16258'.
**WARN: Instance 'u_microprocessor_core/u_data_memory/u_memory/g457594' has multiple input pins tied together to net 'u_microprocessor_core/u_data_memory/u_memory/FE_OFN25581_n_16258'.
**WARN: Instance 'u_microprocessor_core/u_data_memory/u_memory/g457594' has multiple input pins tied together to net 'u_microprocessor_core/u_data_memory/u_memory/FE_OFN25581_n_16258'.
**WARN: Instance 'u_microprocessor_core/u_data_memory/u_memory/n_11545' has multiple input pins tied together to net 'u_microprocessor_core/u_data_memory/u_memory/FE_OFN25581_n_16258'.

------ Primitive Net DRC Check

WARNING : Net u_microprocessor_core/u_core/u_wbstage/UNCONNECTED_HIER_Z39 has no FanOut pin
WARNING : Net u_microprocessor_core/u_core/u_wbstage/UNCONNECTED_HIER_Z38 has no FanOut pin
WARNING : Net u_microprocessor_core/u_core/u_wbstage/UNCONNECTED_HIER_Z37 has no FanOut pin
WARNING : Net u_microprocessor_core/u_core/u_wbstage/UNCONNECTED_HIER_Z36 has no FanOut pin
WARNING : Net u_microprocessor_core/u_core/u_wbstage/UNCONNECTED_HIER_Z35 has no FanOut pin
WARNING : Net u_microprocessor_core/u_core/u_wbstage/UNCONNECTED_HIER_Z34 has no FanOut pin
WARNING : Net u_microprocessor_core/u_core/u_wbstage/UNCONNECTED_HIER_Z33 has no FanOut pin
WARNING : Net u_microprocessor_core/u_core/u_wbstage/UNCONNECTED_HIER_Z32 has no FanOut pin
WARNING : Net u_microprocessor_core/u_core/u_wbstage/UNCONNECTED_HIER_Z31 has no FanOut pin
WARNING : Net u_microprocessor_core/u_core/u_wbstage/UNCONNECTED_HIER_Z30 has no FanOut pin
WARNING : Net u_microprocessor_core/u_core/u_wbstage/UNCONNECTED_HIER_Z29 has no FanOut pin
WARNING : Net u_microprocessor_core/u_core/u_wbstage/UNCONNECTED_HIER_Z28 has no FanOut pin
WARNING : Net u_microprocessor_core/u_core/u_wbstage/UNCONNECTED_HIER_Z27 has no FanOut pin
WARNING : Net u_microprocessor_core/u_core/u_wbstage/UNCONNECTED_HIER_Z26 has no FanOut pin
WARNING : Net u_microprocessor_core/u_core/u_wbstage/UNCONNECTED_HIER_Z25 has no FanOut pin
WARNING : Net u_microprocessor_core/u_core/u_wbstage/UNCONNECTED_HIER_Z24 has no FanOut pin
WARNING : Net u_microprocessor_core/u_core/u_wbstage/UNCONNECTED_HIER_Z23 has no FanOut pin
WARNING : Net u_microprocessor_core/u_core/u_wbstage/UNCONNECTED_HIER_Z22 has no FanOut pin
WARNING : Net u_microprocessor_core/u_core/u_wbstage/UNCONNECTED_HIER_Z21 has no FanOut pin
WARNING : Net u_microprocessor_core/u_core/u_wbstage/UNCONNECTED_HIER_Z20 has no FanOut pin
WARNING : Net u_microprocessor_core/u_core/u_wbstage/UNCONNECTED_HIER_Z19 has no FanOut pin
WARNING : Net u_microprocessor_core/u_core/u_wbstage/UNCONNECTED_HIER_Z18 has no FanOut pin
WARNING : Net u_microprocessor_core/u_core/u_wbstage/UNCONNECTED_HIER_Z17 has no FanOut pin
WARNING : Net u_microprocessor_core/u_core/u_wbstage/UNCONNECTED_HIER_Z16 has no FanOut pin
WARNING : Net u_microprocessor_core/u_core/u_wbstage/UNCONNECTED_HIER_Z15 has no FanOut pin
WARNING : Net u_microprocessor_core/u_core/u_wbstage/UNCONNECTED_HIER_Z14 has no FanOut pin
WARNING : Net u_microprocessor_core/u_core/u_wbstage/UNCONNECTED_HIER_Z13 has no FanOut pin
WARNING : Net u_microprocessor_core/u_core/u_wbstage/UNCONNECTED_HIER_Z12 has no FanOut pin
WARNING : Net u_microprocessor_core/u_core/u_wbstage/UNCONNECTED_HIER_Z11 has no FanOut pin
WARNING : Net u_microprocessor_core/u_core/u_wbstage/UNCONNECTED_HIER_Z10 has no FanOut pin
WARNING : Net u_microprocessor_core/u_core/u_wbstage/UNCONNECTED_HIER_Z9 has no FanOut pin
WARNING : Net u_microprocessor_core/u_core/u_wbstage/UNCONNECTED_HIER_Z8 has no FanOut pin
WARNING : Net u_microprocessor_core/u_core/u_fetchstage/UNCONNECTED21 has no FanOut pin
WARNING : Net u_microprocessor_core/u_core/u_fetchpipeline/UNCONNECTED18 has no FanOut pin
WARNING : Net u_microprocessor_core/u_core/u_fetchpipeline/UNCONNECTED17 has no FanOut pin
WARNING : Net u_microprocessor_core/u_core/u_fetchpipeline/UNCONNECTED16 has no FanOut pin
WARNING : Net u_microprocessor_core/u_core/u_executestage/UNCONNECTED15 has no FanOut pin
WARNING : Net u_microprocessor_core/u_core/u_executepipeline/UNCONNECTED12 has no FanOut pin
WARNING : Net u_microprocessor_core/u_core/u_executepipeline/UNCONNECTED11 has no FanOut pin
WARNING : Net u_microprocessor_core/u_core/u_executepipeline/UNCONNECTED10 has no FanOut pin
WARNING : Net u_microprocessor_core/u_core/u_execute_forwarding/branch_op_b[0] has no FanOut pin
WARNING : Net u_microprocessor_core/u_core/u_execute_forwarding/branch_op_b[1] has no FanOut pin
WARNING : Net u_microprocessor_core/u_core/u_execute_forwarding/branch_op_b[3] has no FanOut pin
WARNING : Net u_microprocessor_core/u_core/u_execute_forwarding/branch_op_b[4] has no FanOut pin
WARNING : Net u_microprocessor_core/u_core/u_execute_forwarding/branch_op_b[5] has no FanOut pin
WARNING : Net u_microprocessor_core/u_core/u_execute_forwarding/branch_op_b[6] has no FanOut pin
WARNING : Net u_microprocessor_core/u_core/u_execute_forwarding/branch_op_b[10] has no FanOut pin
WARNING : Net u_microprocessor_core/u_core/u_execute_forwarding/branch_op_b[11] has no FanOut pin
WARNING : Net u_microprocessor_core/u_core/u_execute_forwarding/branch_op_b[12] has no FanOut pin
WARNING : Net u_microprocessor_core/u_core/u_execute_forwarding/branch_op_b[15] has no FanOut pin
WARNING : Net u_microprocessor_core/u_core/u_execute_forwarding/branch_op_b[16] has no FanOut pin
WARNING : Net u_microprocessor_core/u_core/u_execute_forwarding/branch_op_b[17] has no FanOut pin
WARNING : Net u_microprocessor_core/u_core/u_execute_forwarding/branch_op_b[19] has no FanOut pin
WARNING : Net u_microprocessor_core/u_core/u_execute_forwarding/branch_op_b[21] has no FanOut pin
WARNING : Net u_microprocessor_core/u_core/u_execute_forwarding/branch_op_b[22] has no FanOut pin
WARNING : Net u_microprocessor_core/u_core/u_execute_forwarding/branch_op_b[26] has no FanOut pin
WARNING : Net u_microprocessor_core/u_core/u_execute_forwarding/branch_op_b[27] has no FanOut pin
WARNING : Net u_microprocessor_core/u_core/u_execute_forwarding/branch_op_b[29] has no FanOut pin
WARNING : Net u_microprocessor_core/u_core/u_execute_forwarding/branch_op_b[30] has no FanOut pin
WARNING : Net u_microprocessor_core/u_core/u_execute_forwarding/branch_op_b[31] has no FanOut pin
WARNING : Net u_microprocessor_core/u_core/u_decodestage/u_regfile0/register[10][0] has no FanOut pin
WARNING : Net u_microprocessor_core/u_core/u_decodestage/u_regfile0/register[10][1] has no FanOut pin
WARNING : Net u_microprocessor_core/u_core/u_decodestage/u_regfile0/register[10][2] has no FanOut pin
WARNING : Net u_microprocessor_core/u_core/u_decodestage/u_regfile0/register[10][3] has no FanOut pin
WARNING : Net u_microprocessor_core/u_core/u_decodestage/u_regfile0/register[10][4] has no FanOut pin
WARNING : Net u_microprocessor_core/u_core/u_decodestage/u_regfile0/register[10][5] has no FanOut pin
WARNING : Net u_microprocessor_core/u_core/u_decodestage/u_regfile0/register[10][6] has no FanOut pin
WARNING : Net u_microprocessor_core/u_core/u_decodestage/u_regfile0/register[10][7] has no FanOut pin
WARNING : Net u_microprocessor_core/u_core/u_decodestage/u_regfile0/register[4][0] has no FanOut pin
WARNING : Net u_microprocessor_core/u_core/u_decodestage/u_regfile0/register[4][1] has no FanOut pin
WARNING : Net u_microprocessor_core/u_core/u_decodestage/u_regfile0/register[4][2] has no FanOut pin
WARNING : Net u_microprocessor_core/u_core/u_decodestage/u_regfile0/register[4][3] has no FanOut pin
WARNING : Net u_microprocessor_core/u_core/u_decodestage/u_regfile0/register[1][0] has no FanOut pin
WARNING : Net u_microprocessor_core/u_core/u_decodestage/u_regfile0/register[1][1] has no FanOut pin
WARNING : Net u_microprocessor_core/u_core/u_decodestage/u_regfile0/register[1][2] has no FanOut pin
WARNING : Net u_microprocessor_core/u_core/u_decodestage/u_regfile0/register[1][3] has no FanOut pin
WARNING : Net u_microprocessor_core/u_core/u_decodestage/u_regfile0/register[12][0] has no FanOut pin
WARNING : Net u_microprocessor_core/u_core/u_decodestage/u_regfile0/register[12][1] has no FanOut pin
WARNING : Net u_microprocessor_core/u_core/u_decodestage/u_regfile0/register[12][2] has no FanOut pin
WARNING : Net u_microprocessor_core/u_core/u_decodestage/u_regfile0/register[12][3] has no FanOut pin
WARNING : Net u_microprocessor_core/u_core/u_decodestage/u_regfile0/register[12][4] has no FanOut pin
WARNING : Net u_microprocessor_core/u_core/u_decodestage/u_regfile0/register[12][5] has no FanOut pin
WARNING : Net u_microprocessor_core/u_core/u_decodestage/u_regfile0/register[12][6] has no FanOut pin
WARNING : Net u_microprocessor_core/u_core/u_decodestage/u_regfile0/register[12][7] has no FanOut pin
WARNING : Net u_microprocessor_core/u_core/u_decodestage/u_regfile0/register[13][0] has no FanOut pin
WARNING : Net u_microprocessor_core/u_core/u_decodestage/u_regfile0/register[13][1] has no FanOut pin
WARNING : Net u_microprocessor_core/u_core/u_decodestage/u_regfile0/register[13][2] has no FanOut pin
WARNING : Net u_microprocessor_core/u_core/u_decodestage/u_regfile0/register[13][3] has no FanOut pin
WARNING : Net u_microprocessor_core/u_core/u_decodestage/u_regfile0/register[13][4] has no FanOut pin
WARNING : Net u_microprocessor_core/u_core/u_decodestage/u_regfile0/register[13][5] has no FanOut pin
WARNING : Net u_microprocessor_core/u_core/u_decodestage/u_regfile0/register[13][6] has no FanOut pin
WARNING : Net u_microprocessor_core/u_core/u_decodestage/u_regfile0/register[13][7] has no FanOut pin
WARNING : Net u_microprocessor_core/u_core/u_decodestage/u_regfile0/register[2][0] has no FanOut pin
WARNING : Net u_microprocessor_core/u_core/u_decodestage/u_regfile0/register[2][1] has no FanOut pin
WARNING : Net u_microprocessor_core/u_core/u_decodestage/u_regfile0/register[2][2] has no FanOut pin
WARNING : Net u_microprocessor_core/u_core/u_decodestage/u_regfile0/register[2][3] has no FanOut pin
WARNING : Net u_microprocessor_core/u_core/u_decodestage/u_regfile0/register[3][0] has no FanOut pin
WARNING : Net u_microprocessor_core/u_core/u_decodestage/u_regfile0/register[3][1] has no FanOut pin
WARNING : Net u_microprocessor_core/u_core/u_decodestage/u_regfile0/register[3][2] has no FanOut pin
WARNING : Net u_microprocessor_core/u_core/u_decodestage/u_regfile0/register[3][3] has no FanOut pin
WARNING : Net u_microprocessor_core/u_core/u_decodestage/u_regfile0/register[11][0] has no FanOut pin
WARNING : Net u_microprocessor_core/u_core/u_decodestage/u_regfile0/register[11][1] has no FanOut pin
WARNING : Net u_microprocessor_core/u_core/u_decodestage/u_regfile0/register[11][2] has no FanOut pin
WARNING : Net u_microprocessor_core/u_core/u_decodestage/u_regfile0/register[11][3] has no FanOut pin
WARNING : Net u_microprocessor_core/u_core/u_decodestage/u_regfile0/register[11][4] has no FanOut pin
WARNING : Net u_microprocessor_core/u_core/u_decodestage/u_regfile0/register[11][5] has no FanOut pin
WARNING : Net u_microprocessor_core/u_core/u_decodestage/u_regfile0/register[11][6] has no FanOut pin
WARNING : Net u_microprocessor_core/u_core/u_decodestage/u_regfile0/register[11][7] has no FanOut pin
WARNING : Net u_microprocessor_core/u_core/u_decodestage/u_cu0/u_controldec0/Branch has no FanOut pin
WARNING : Net u_microprocessor_core/u_core/u_decodestage/u_cu0/UNCONNECTED_HIER_Z0 has no FanOut pin
WARNING : Net u_microprocessor_core/u_core/u_decodestage/u_cu0/UNCONNECTED_HIER_Z has no FanOut pin
WARNING : Net u_microprocessor_core/u_core/u_decodestage/UNCONNECTED_HIER_Z7 has no FanOut pin
WARNING : Net u_microprocessor_core/u_core/u_decodestage/UNCONNECTED_HIER_Z6 has no FanOut pin
WARNING : Net u_microprocessor_core/u_core/u_decodestage/UNCONNECTED_HIER_Z5 has no FanOut pin
WARNING : Net u_microprocessor_core/u_core/u_decodestage/UNCONNECTED_HIER_Z4 has no FanOut pin
WARNING : Net u_microprocessor_core/u_core/u_decodestage/UNCONNECTED_HIER_Z3 has no FanOut pin
WARNING : Net u_microprocessor_core/u_core/u_decodestage/UNCONNECTED_HIER_Z2 has no FanOut pin
WARNING : Net u_microprocessor_core/u_core/u_decodestage/UNCONNECTED_HIER_Z1 has no FanOut pin
WARNING : Net u_microprocessor_core/u_core/u_decodepipeline/UNCONNECTED2 has no FanOut pin
WARNING : Net u_microprocessor_core/u_core/u_decodepipeline/UNCONNECTED1 has no FanOut pin
WARNING : Net u_microprocessor_core/u_core/u_decodepipeline/UNCONNECTED0 has no FanOut pin
WARNING : Net u_microprocessor_core/u_core/u_decodepipeline/UNCONNECTED has no FanOut pin
WARNING : Net u_microprocessor_core/u_core/UNCONNECTED_HIER_Z176 has no FanOut pin
WARNING : Net u_microprocessor_core/u_core/UNCONNECTED_HIER_Z175 has no FanOut pin
WARNING : Net u_microprocessor_core/u_core/UNCONNECTED_HIER_Z174 has no FanOut pin
WARNING : Net u_microprocessor_core/u_core/UNCONNECTED_HIER_Z173 has no FanOut pin
WARNING : Net u_microprocessor_core/u_core/UNCONNECTED_HIER_Z172 has no FanOut pin
WARNING : Net u_microprocessor_core/u_core/UNCONNECTED_HIER_Z171 has no FanOut pin
WARNING : Net u_microprocessor_core/u_core/UNCONNECTED_HIER_Z170 has no FanOut pin
WARNING : Net u_microprocessor_core/u_core/UNCONNECTED_HIER_Z169 has no FanOut pin
WARNING : Net u_microprocessor_core/u_core/UNCONNECTED_HIER_Z168 has no FanOut pin
WARNING : Net u_microprocessor_core/u_core/UNCONNECTED_HIER_Z167 has no FanOut pin
WARNING : Net u_microprocessor_core/u_core/UNCONNECTED_HIER_Z166 has no FanOut pin
WARNING : Net u_microprocessor_core/u_core/UNCONNECTED_HIER_Z165 has no FanOut pin
WARNING : Net u_microprocessor_core/u_core/UNCONNECTED_HIER_Z164 has no FanOut pin
WARNING : Net u_microprocessor_core/u_core/UNCONNECTED_HIER_Z163 has no FanOut pin
WARNING : Net u_microprocessor_core/u_core/UNCONNECTED_HIER_Z162 has no FanOut pin
WARNING : Net u_microprocessor_core/u_core/UNCONNECTED_HIER_Z161 has no FanOut pin
WARNING : Net u_microprocessor_core/u_core/UNCONNECTED_HIER_Z160 has no FanOut pin
WARNING : Net u_microprocessor_core/u_core/UNCONNECTED_HIER_Z159 has no FanOut pin
WARNING : Net u_microprocessor_core/u_core/UNCONNECTED_HIER_Z158 has no FanOut pin
WARNING : Net u_microprocessor_core/u_core/UNCONNECTED_HIER_Z157 has no FanOut pin
WARNING : Net u_microprocessor_core/u_core/UNCONNECTED_HIER_Z156 has no FanOut pin
WARNING : Net u_microprocessor_core/u_core/UNCONNECTED_HIER_Z155 has no FanOut pin
WARNING : Net u_microprocessor_core/u_core/UNCONNECTED_HIER_Z154 has no FanOut pin
WARNING : Net u_microprocessor_core/u_core/UNCONNECTED_HIER_Z153 has no FanOut pin
WARNING : Net u_microprocessor_core/u_core/UNCONNECTED_HIER_Z152 has no FanOut pin
WARNING : Net u_microprocessor_core/u_core/UNCONNECTED_HIER_Z151 has no FanOut pin
WARNING : Net u_microprocessor_core/u_core/UNCONNECTED_HIER_Z150 has no FanOut pin
WARNING : Net u_microprocessor_core/u_core/UNCONNECTED_HIER_Z149 has no FanOut pin
WARNING : Net u_microprocessor_core/u_core/UNCONNECTED_HIER_Z148 has no FanOut pin
WARNING : Net u_microprocessor_core/u_core/UNCONNECTED_HIER_Z147 has no FanOut pin
WARNING : Net u_microprocessor_core/u_core/UNCONNECTED_HIER_Z146 has no FanOut pin
WARNING : Net u_microprocessor_core/u_core/UNCONNECTED_HIER_Z145 has no FanOut pin
WARNING : Net u_microprocessor_core/u_core/UNCONNECTED_HIER_Z144 has no FanOut pin
WARNING : Net u_microprocessor_core/u_core/UNCONNECTED_HIER_Z143 has no FanOut pin
WARNING : Net u_microprocessor_core/u_core/UNCONNECTED_HIER_Z142 has no FanOut pin
WARNING : Net u_microprocessor_core/u_core/UNCONNECTED_HIER_Z141 has no FanOut pin
WARNING : Net u_microprocessor_core/u_core/UNCONNECTED_HIER_Z140 has no FanOut pin
WARNING : Net u_microprocessor_core/u_core/UNCONNECTED_HIER_Z139 has no FanOut pin
WARNING : Net u_microprocessor_core/u_core/UNCONNECTED_HIER_Z138 has no FanOut pin
WARNING : Net u_microprocessor_core/u_core/UNCONNECTED_HIER_Z137 has no FanOut pin
WARNING : Net u_microprocessor_core/u_core/UNCONNECTED_HIER_Z136 has no FanOut pin
WARNING : Net u_microprocessor_core/u_core/UNCONNECTED_HIER_Z135 has no FanOut pin
WARNING : Net u_microprocessor_core/u_core/UNCONNECTED_HIER_Z134 has no FanOut pin
WARNING : Net u_microprocessor_core/u_core/UNCONNECTED_HIER_Z133 has no FanOut pin
WARNING : Net u_microprocessor_core/u_core/UNCONNECTED_HIER_Z132 has no FanOut pin
WARNING : Net u_microprocessor_core/u_core/UNCONNECTED_HIER_Z131 has no FanOut pin
WARNING : Net u_microprocessor_core/u_core/UNCONNECTED_HIER_Z130 has no FanOut pin
WARNING : Net u_microprocessor_core/u_core/UNCONNECTED_HIER_Z129 has no FanOut pin
WARNING : Net u_microprocessor_core/u_core/UNCONNECTED_HIER_Z128 has no FanOut pin
WARNING : Net u_microprocessor_core/u_core/UNCONNECTED_HIER_Z127 has no FanOut pin
WARNING : Net u_microprocessor_core/u_core/UNCONNECTED_HIER_Z126 has no FanOut pin
WARNING : Net u_microprocessor_core/u_core/UNCONNECTED_HIER_Z125 has no FanOut pin
WARNING : Net u_microprocessor_core/u_core/UNCONNECTED_HIER_Z124 has no FanOut pin
WARNING : Net u_microprocessor_core/u_core/UNCONNECTED_HIER_Z123 has no FanOut pin
WARNING : Net u_microprocessor_core/u_core/UNCONNECTED_HIER_Z122 has no FanOut pin
WARNING : Net u_microprocessor_core/u_core/UNCONNECTED_HIER_Z121 has no FanOut pin
WARNING : Net u_microprocessor_core/u_core/UNCONNECTED_HIER_Z120 has no FanOut pin
WARNING : Net u_microprocessor_core/u_core/UNCONNECTED_HIER_Z119 has no FanOut pin
WARNING : Net u_microprocessor_core/u_core/UNCONNECTED_HIER_Z118 has no FanOut pin
WARNING : Net u_microprocessor_core/u_core/UNCONNECTED_HIER_Z117 has no FanOut pin
WARNING : Net u_microprocessor_core/u_core/UNCONNECTED_HIER_Z116 has no FanOut pin
WARNING : Net u_microprocessor_core/u_core/UNCONNECTED_HIER_Z115 has no FanOut pin
WARNING : Net u_microprocessor_core/u_core/UNCONNECTED_HIER_Z114 has no FanOut pin
WARNING : Net u_microprocessor_core/u_core/UNCONNECTED_HIER_Z113 has no FanOut pin
WARNING : Net u_microprocessor_core/u_core/UNCONNECTED_HIER_Z112 has no FanOut pin
WARNING : Net u_microprocessor_core/u_core/UNCONNECTED_HIER_Z111 has no FanOut pin
WARNING : Net u_microprocessor_core/u_core/UNCONNECTED_HIER_Z110 has no FanOut pin
WARNING : Net u_microprocessor_core/u_core/UNCONNECTED_HIER_Z109 has no FanOut pin
WARNING : Net u_microprocessor_core/u_core/UNCONNECTED_HIER_Z108 has no FanOut pin
WARNING : Net u_microprocessor_core/u_core/UNCONNECTED_HIER_Z107 has no FanOut pin
WARNING : Net u_microprocessor_core/u_core/UNCONNECTED_HIER_Z106 has no FanOut pin
WARNING : Net u_microprocessor_core/u_core/UNCONNECTED_HIER_Z105 has no FanOut pin
WARNING : Net u_microprocessor_core/u_core/UNCONNECTED_HIER_Z104 has no FanOut pin
WARNING : Net u_microprocessor_core/u_core/UNCONNECTED_HIER_Z103 has no FanOut pin
WARNING : Net u_microprocessor_core/u_core/UNCONNECTED_HIER_Z102 has no FanOut pin
WARNING : Net u_microprocessor_core/u_core/UNCONNECTED_HIER_Z101 has no FanOut pin
WARNING : Net u_microprocessor_core/u_core/UNCONNECTED_HIER_Z100 has no FanOut pin
WARNING : Net u_microprocessor_core/u_core/UNCONNECTED_HIER_Z99 has no FanOut pin
WARNING : Net u_microprocessor_core/u_core/UNCONNECTED_HIER_Z98 has no FanOut pin
WARNING : Net u_microprocessor_core/u_core/UNCONNECTED_HIER_Z97 has no FanOut pin
WARNING : Net u_microprocessor_core/u_core/UNCONNECTED_HIER_Z96 has no FanOut pin
WARNING : Net u_microprocessor_core/u_core/UNCONNECTED_HIER_Z95 has no FanOut pin
WARNING : Net u_microprocessor_core/u_core/UNCONNECTED_HIER_Z94 has no FanOut pin
WARNING : Net u_microprocessor_core/u_core/UNCONNECTED_HIER_Z93 has no FanOut pin
WARNING : Net u_microprocessor_core/u_core/UNCONNECTED_HIER_Z92 has no FanOut pin
WARNING : Net u_microprocessor_core/u_core/UNCONNECTED_HIER_Z91 has no FanOut pin
WARNING : Net u_microprocessor_core/u_core/UNCONNECTED_HIER_Z90 has no FanOut pin
WARNING : Net u_microprocessor_core/u_core/UNCONNECTED_HIER_Z89 has no FanOut pin
WARNING : Net u_microprocessor_core/u_core/UNCONNECTED_HIER_Z88 has no FanOut pin
WARNING : Net u_microprocessor_core/u_core/UNCONNECTED_HIER_Z87 has no FanOut pin
WARNING : Net u_microprocessor_core/u_core/UNCONNECTED_HIER_Z86 has no FanOut pin
WARNING : Net u_microprocessor_core/u_core/UNCONNECTED_HIER_Z85 has no FanOut pin
WARNING : Net u_microprocessor_core/u_core/UNCONNECTED_HIER_Z84 has no FanOut pin
WARNING : Net u_microprocessor_core/u_core/UNCONNECTED_HIER_Z83 has no FanOut pin
WARNING : Net u_microprocessor_core/u_core/UNCONNECTED_HIER_Z82 has no FanOut pin
WARNING : Net u_microprocessor_core/u_core/UNCONNECTED_HIER_Z81 has no FanOut pin
WARNING : Net u_microprocessor_core/u_core/UNCONNECTED_HIER_Z80 has no FanOut pin
WARNING : Net u_microprocessor_core/u_core/UNCONNECTED_HIER_Z79 has no FanOut pin
WARNING : Net u_microprocessor_core/u_core/UNCONNECTED_HIER_Z78 has no FanOut pin
WARNING : Net u_microprocessor_core/u_core/UNCONNECTED_HIER_Z77 has no FanOut pin
WARNING : Net u_microprocessor_core/u_core/UNCONNECTED_HIER_Z76 has no FanOut pin
WARNING : Net u_microprocessor_core/u_core/UNCONNECTED_HIER_Z75 has no FanOut pin
WARNING : Net u_microprocessor_core/u_core/UNCONNECTED_HIER_Z74 has no FanOut pin
WARNING : Net u_microprocessor_core/u_core/UNCONNECTED_HIER_Z73 has no FanOut pin
WARNING : Net u_microprocessor_core/u_core/UNCONNECTED_HIER_Z72 has no FanOut pin
WARNING : Net u_microprocessor_core/u_core/UNCONNECTED_HIER_Z71 has no FanOut pin
WARNING : Net u_microprocessor_core/u_core/UNCONNECTED_HIER_Z70 has no FanOut pin
WARNING : Net u_microprocessor_core/u_core/UNCONNECTED_HIER_Z69 has no FanOut pin
WARNING : Net u_microprocessor_core/u_core/UNCONNECTED_HIER_Z68 has no FanOut pin
WARNING : Net u_microprocessor_core/u_core/UNCONNECTED_HIER_Z67 has no FanOut pin
WARNING : Net u_microprocessor_core/u_core/UNCONNECTED_HIER_Z66 has no FanOut pin
WARNING : Net u_microprocessor_core/u_core/UNCONNECTED_HIER_Z65 has no FanOut pin
WARNING : Net u_microprocessor_core/u_core/UNCONNECTED_HIER_Z64 has no FanOut pin
WARNING : Net u_microprocessor_core/u_core/UNCONNECTED_HIER_Z63 has no FanOut pin
WARNING : Net u_microprocessor_core/u_core/UNCONNECTED_HIER_Z62 has no FanOut pin
WARNING : Net u_microprocessor_core/u_core/UNCONNECTED_HIER_Z61 has no FanOut pin
WARNING : Net u_microprocessor_core/u_core/UNCONNECTED_HIER_Z60 has no FanOut pin
WARNING : Net u_microprocessor_core/u_core/UNCONNECTED_HIER_Z59 has no FanOut pin
WARNING : Net u_microprocessor_core/u_core/UNCONNECTED_HIER_Z58 has no FanOut pin
WARNING : Net u_microprocessor_core/u_core/UNCONNECTED_HIER_Z57 has no FanOut pin
WARNING : Net u_microprocessor_core/u_core/UNCONNECTED_HIER_Z56 has no FanOut pin
WARNING : Net u_microprocessor_core/u_core/UNCONNECTED_HIER_Z55 has no FanOut pin
WARNING : Net u_microprocessor_core/u_core/UNCONNECTED_HIER_Z54 has no FanOut pin
WARNING : Net u_microprocessor_core/u_core/UNCONNECTED_HIER_Z53 has no FanOut pin
WARNING : Net u_microprocessor_core/u_core/UNCONNECTED_HIER_Z52 has no FanOut pin
WARNING : Net u_microprocessor_core/u_core/UNCONNECTED_HIER_Z51 has no FanOut pin
WARNING : Net u_microprocessor_core/u_core/UNCONNECTED_HIER_Z50 has no FanOut pin
WARNING : Net u_microprocessor_core/u_core/UNCONNECTED_HIER_Z49 has no FanOut pin
WARNING : Net u_microprocessor_core/u_core/UNCONNECTED_HIER_Z48 has no FanOut pin
WARNING : Net u_microprocessor_core/u_core/UNCONNECTED_HIER_Z47 has no FanOut pin
WARNING : Net u_microprocessor_core/u_core/UNCONNECTED_HIER_Z46 has no FanOut pin
WARNING : Net u_microprocessor_core/u_core/UNCONNECTED_HIER_Z45 has no FanOut pin
WARNING : Net u_microprocessor_core/u_core/UNCONNECTED_HIER_Z44 has no FanOut pin
WARNING : Net u_microprocessor_core/u_core/UNCONNECTED_HIER_Z43 has no FanOut pin
WARNING : Net u_microprocessor_core/u_core/UNCONNECTED_HIER_Z42 has no FanOut pin
WARNING : Net u_microprocessor_core/u_core/UNCONNECTED_HIER_Z41 has no FanOut pin
WARNING : Net u_microprocessor_core/u_core/UNCONNECTED_HIER_Z40 has no FanOut pin
WARNING : Net u_microprocessor_core/u_core/UNCONNECTED132 has no FanOut pin
WARNING : Net u_microprocessor_core/u_core/UNCONNECTED96 has no FanOut pin
WARNING : Net u_microprocessor_core/u_core/UNCONNECTED90 has no FanOut pin
WARNING : Net u_microprocessor_core/u_core/UNCONNECTED87 has no FanOut pin
WARNING : Net u_microprocessor_core/u_core/UNCONNECTED86 has no FanOut pin
WARNING : Net u_microprocessor_core/u_core/UNCONNECTED85 has no FanOut pin
WARNING : Net u_microprocessor_core/u_core/UNCONNECTED82 has no FanOut pin
WARNING : Net u_microprocessor_core/u_core/UNCONNECTED80 has no FanOut pin
WARNING : Net u_microprocessor_core/u_core/UNCONNECTED76 has no FanOut pin
WARNING : Net u_microprocessor_core/u_core/UNCONNECTED75 has no FanOut pin
WARNING : Net u_microprocessor_core/u_core/UNCONNECTED70 has no FanOut pin
WARNING : Net u_microprocessor_core/u_core/UNCONNECTED69 has no FanOut pin
WARNING : Net u_microprocessor_core/u_core/UNCONNECTED64 has no FanOut pin
WARNING : Net u_microprocessor_core/u_core/UNCONNECTED62 has no FanOut pin
WARNING : Net u_microprocessor_core/u_core/pre_address_wb[0] has no FanOut pin
WARNING : Net u_microprocessor_core/u_core/pre_address_wb[1] has no FanOut pin
WARNING : Net u_microprocessor_core/u_core/pre_address_wb[2] has no FanOut pin
WARNING : Net u_microprocessor_core/u_core/pre_address_wb[3] has no FanOut pin
WARNING : Net u_microprocessor_core/u_core/pre_address_wb[4] has no FanOut pin
WARNING : Net u_microprocessor_core/u_core/pre_address_wb[5] has no FanOut pin
WARNING : Net u_microprocessor_core/u_core/pre_address_wb[6] has no FanOut pin
WARNING : Net u_microprocessor_core/u_core/pre_address_wb[7] has no FanOut pin
WARNING : Net u_microprocessor_core/u_core/pre_address_wb[8] has no FanOut pin
WARNING : Net u_microprocessor_core/u_core/pre_address_wb[9] has no FanOut pin
WARNING : Net u_microprocessor_core/u_core/pre_address_wb[10] has no FanOut pin
WARNING : Net u_microprocessor_core/u_core/pre_address_wb[11] has no FanOut pin
WARNING : Net u_microprocessor_core/u_core/pre_address_wb[12] has no FanOut pin
WARNING : Net u_microprocessor_core/u_core/pre_address_wb[13] has no FanOut pin
WARNING : Net u_microprocessor_core/u_core/pre_address_wb[14] has no FanOut pin
WARNING : Net u_microprocessor_core/u_core/pre_address_wb[15] has no FanOut pin
WARNING : Net u_microprocessor_core/u_core/pre_address_wb[16] has no FanOut pin
WARNING : Net u_microprocessor_core/u_core/pre_address_wb[17] has no FanOut pin
WARNING : Net u_microprocessor_core/u_core/pre_address_wb[18] has no FanOut pin
WARNING : Net u_microprocessor_core/u_core/pre_address_wb[19] has no FanOut pin
WARNING : Net u_microprocessor_core/u_core/pre_address_wb[20] has no FanOut pin
WARNING : Net u_microprocessor_core/u_core/pre_address_wb[21] has no FanOut pin
WARNING : Net u_microprocessor_core/u_core/pre_address_wb[22] has no FanOut pin
WARNING : Net u_microprocessor_core/u_core/pre_address_wb[23] has no FanOut pin
WARNING : Net u_microprocessor_core/u_core/pre_address_wb[24] has no FanOut pin
WARNING : Net u_microprocessor_core/u_core/pre_address_wb[25] has no FanOut pin
WARNING : Net u_microprocessor_core/u_core/pre_address_wb[26] has no FanOut pin
WARNING : Net u_microprocessor_core/u_core/pre_address_wb[27] has no FanOut pin
WARNING : Net u_microprocessor_core/u_core/pre_address_wb[28] has no FanOut pin
WARNING : Net u_microprocessor_core/u_core/pre_address_wb[29] has no FanOut pin
WARNING : Net u_microprocessor_core/u_core/pre_address_wb[30] has no FanOut pin
WARNING : Net u_microprocessor_core/u_core/pre_address_wb[31] has no FanOut pin
WARNING : Net u_microprocessor_core/u_core/pre_pc_addr_fetch[0] has no FanOut pin
WARNING : Net u_microprocessor_core/u_core/pre_pc_addr_fetch[1] has no FanOut pin
WARNING : Net u_microprocessor_core/u_core/pre_pc_addr_fetch[2] has no FanOut pin
WARNING : Net u_microprocessor_core/u_core/pre_pc_addr_fetch[3] has no FanOut pin
WARNING : Net u_microprocessor_core/u_core/pre_pc_addr_fetch[4] has no FanOut pin
WARNING : Net u_microprocessor_core/u_core/pre_pc_addr_fetch[5] has no FanOut pin
WARNING : Net u_microprocessor_core/u_core/pre_pc_addr_fetch[6] has no FanOut pin
WARNING : Net u_microprocessor_core/u_core/pre_pc_addr_fetch[7] has no FanOut pin
WARNING : Net u_microprocessor_core/u_core/pre_pc_addr_fetch[8] has no FanOut pin
WARNING : Net u_microprocessor_core/u_core/pre_pc_addr_fetch[9] has no FanOut pin
WARNING : Net u_microprocessor_core/u_core/pre_pc_addr_fetch[10] has no FanOut pin
WARNING : Net u_microprocessor_core/u_core/pre_pc_addr_fetch[11] has no FanOut pin
WARNING : Net u_microprocessor_core/u_core/pre_pc_addr_fetch[12] has no FanOut pin
WARNING : Net u_microprocessor_core/u_core/pre_pc_addr_fetch[13] has no FanOut pin
WARNING : Net u_microprocessor_core/u_core/pre_pc_addr_fetch[14] has no FanOut pin
WARNING : Net u_microprocessor_core/u_core/pre_pc_addr_fetch[15] has no FanOut pin
WARNING : Net u_microprocessor_core/u_core/pre_pc_addr_fetch[16] has no FanOut pin
WARNING : Net u_microprocessor_core/u_core/pre_pc_addr_fetch[17] has no FanOut pin
WARNING : Net u_microprocessor_core/u_core/pre_pc_addr_fetch[18] has no FanOut pin
WARNING : Net u_microprocessor_core/u_core/pre_pc_addr_fetch[19] has no FanOut pin
WARNING : Net u_microprocessor_core/u_core/pre_pc_addr_fetch[20] has no FanOut pin
WARNING : Net u_microprocessor_core/u_core/pre_pc_addr_fetch[21] has no FanOut pin
WARNING : Net u_microprocessor_core/u_core/pre_pc_addr_fetch[22] has no FanOut pin
WARNING : Net u_microprocessor_core/u_core/pre_pc_addr_fetch[23] has no FanOut pin
WARNING : Net u_microprocessor_core/u_core/pre_pc_addr_fetch[24] has no FanOut pin
WARNING : Net u_microprocessor_core/u_core/pre_pc_addr_fetch[25] has no FanOut pin
WARNING : Net u_microprocessor_core/u_core/pre_pc_addr_fetch[26] has no FanOut pin
WARNING : Net u_microprocessor_core/u_core/pre_pc_addr_fetch[27] has no FanOut pin
WARNING : Net u_microprocessor_core/u_core/pre_pc_addr_fetch[28] has no FanOut pin
WARNING : Net u_microprocessor_core/u_core/pre_pc_addr_fetch[29] has no FanOut pin
WARNING : Net u_microprocessor_core/u_core/pre_pc_addr_fetch[30] has no FanOut pin
WARNING : Net u_microprocessor_core/u_core/pre_pc_addr_fetch[31] has no FanOut pin
WARNING : Net u_microprocessor_core/u_core/next_sel_address_execute[0] has no FanOut pin
WARNING : Net u_microprocessor_core/u_core/next_sel_address_execute[1] has no FanOut pin
WARNING : Net u_microprocessor_core/u_core/next_sel_address_execute[2] has no FanOut pin
WARNING : Net u_microprocessor_core/u_core/alu_res_out_execute[0] has no FanOut pin
WARNING : Net u_microprocessor_core/u_core/alu_res_out_execute[1] has no FanOut pin
WARNING : Net u_microprocessor_core/u_core/alu_res_out_execute[2] has no FanOut pin
WARNING : Net u_microprocessor_core/u_core/alu_res_out_execute[3] has no FanOut pin
WARNING : Net u_microprocessor_core/u_core/alu_res_out_execute[4] has no FanOut pin
WARNING : Net u_microprocessor_core/u_core/alu_res_out_execute[5] has no FanOut pin
WARNING : Net u_microprocessor_core/u_core/alu_res_out_execute[6] has no FanOut pin
WARNING : Net u_microprocessor_core/u_core/alu_res_out_execute[7] has no FanOut pin
WARNING : Net u_microprocessor_core/u_core/alu_in_b[0] has no FanOut pin
WARNING : Net u_microprocessor_core/u_core/alu_in_b[1] has no FanOut pin
WARNING : Net u_microprocessor_core/u_core/alu_in_b[2] has no FanOut pin
WARNING : Net u_microprocessor_core/u_core/alu_in_b[3] has no FanOut pin
WARNING : Net u_microprocessor_core/u_core/alu_in_b[4] has no FanOut pin
WARNING : Net u_microprocessor_core/u_core/alu_in_b[5] has no FanOut pin
WARNING : Net u_microprocessor_core/u_core/alu_in_b[6] has no FanOut pin
WARNING : Net u_microprocessor_core/u_core/alu_in_b[7] has no FanOut pin
WARNING : Net u_microprocessor_core/u_core/alu_in_a[0] has no FanOut pin
WARNING : Net u_microprocessor_core/u_core/alu_in_a[1] has no FanOut pin
WARNING : Net u_microprocessor_core/u_core/alu_in_a[2] has no FanOut pin
WARNING : Net u_microprocessor_core/u_core/alu_in_a[3] has no FanOut pin
WARNING : Net u_microprocessor_core/u_core/alu_in_a[4] has no FanOut pin
WARNING : Net u_microprocessor_core/u_core/alu_in_a[5] has no FanOut pin
WARNING : Net u_microprocessor_core/u_core/alu_in_a[6] has no FanOut pin
WARNING : Net u_microprocessor_core/u_core/alu_in_a[7] has no FanOut pin
WARNING : Net u_microprocessor_core/u_core/instruction_wb[0] has no FanOut pin
WARNING : Net u_microprocessor_core/u_core/instruction_wb[1] has no FanOut pin
WARNING : Net u_microprocessor_core/u_core/instruction_wb[2] has no FanOut pin
WARNING : Net u_microprocessor_core/u_core/instruction_wb[3] has no FanOut pin
WARNING : Net u_microprocessor_core/u_core/instruction_wb[4] has no FanOut pin
WARNING : Net u_microprocessor_core/u_core/instruction_wb[5] has no FanOut pin
WARNING : Net u_microprocessor_core/u_core/instruction_wb[6] has no FanOut pin
WARNING : Net u_microprocessor_core/u_core/instruction_wb[7] has no FanOut pin
WARNING : Net u_microprocessor_core/u_core/instruction_wb[8] has no FanOut pin
WARNING : Net u_microprocessor_core/u_core/instruction_wb[9] has no FanOut pin
WARNING : Net u_microprocessor_core/u_core/instruction_wb[10] has no FanOut pin
WARNING : Net u_microprocessor_core/u_core/instruction_wb[11] has no FanOut pin
WARNING : Net u_microprocessor_core/u_core/instruction_wb[12] has no FanOut pin
WARNING : Net u_microprocessor_core/u_core/instruction_wb[13] has no FanOut pin
WARNING : Net u_microprocessor_core/u_core/instruction_wb[14] has no FanOut pin
WARNING : Net u_microprocessor_core/u_core/instruction_wb[15] has no FanOut pin
WARNING : Net u_microprocessor_core/u_core/instruction_wb[16] has no FanOut pin
WARNING : Net u_microprocessor_core/u_core/instruction_wb[17] has no FanOut pin
WARNING : Net u_microprocessor_core/u_core/instruction_wb[18] has no FanOut pin
WARNING : Net u_microprocessor_core/u_core/instruction_wb[19] has no FanOut pin
WARNING : Net u_microprocessor_core/u_core/instruction_wb[20] has no FanOut pin
WARNING : Net u_microprocessor_core/u_core/instruction_wb[21] has no FanOut pin
WARNING : Net u_microprocessor_core/u_core/instruction_wb[22] has no FanOut pin
WARNING : Net u_microprocessor_core/u_core/instruction_wb[23] has no FanOut pin
WARNING : Net u_microprocessor_core/u_core/instruction_wb[24] has no FanOut pin
WARNING : Net u_microprocessor_core/u_core/instruction_wb[25] has no FanOut pin
WARNING : Net u_microprocessor_core/u_core/instruction_wb[26] has no FanOut pin
WARNING : Net u_microprocessor_core/u_core/instruction_wb[27] has no FanOut pin
WARNING : Net u_microprocessor_core/u_core/instruction_wb[28] has no FanOut pin
WARNING : Net u_microprocessor_core/u_core/instruction_wb[29] has no FanOut pin
WARNING : Net u_microprocessor_core/u_core/instruction_wb[30] has no FanOut pin
WARNING : Net u_microprocessor_core/u_core/instruction_wb[31] has no FanOut pin
WARNING : Net u_microprocessor_core/u_core/pre_pc_addr_decode[2] has no FanOut pin
WARNING : Net u_microprocessor_core/u_core/pre_pc_addr_decode[3] has no FanOut pin
WARNING : Net u_microprocessor_core/u_core/pre_pc_addr_decode[4] has no FanOut pin
WARNING : Net u_microprocessor_core/u_core/pre_pc_addr_decode[5] has no FanOut pin
WARNING : Net u_microprocessor_core/u_core/pre_pc_addr_decode[6] has no FanOut pin
WARNING : Net u_microprocessor_core/u_core/pre_pc_addr_decode[7] has no FanOut pin
WARNING : Net u_microprocessor_core/u_core/pre_pc_addr_decode[8] has no FanOut pin
WARNING : Net u_microprocessor_core/u_core/alu_control_decode[4] has no FanOut pin
WARNING : Net u_microprocessor_core/u_core/FE_OFN3_rst has no FanOut pin
WARNING : Net u_microprocessor_core/u_core/FE_OFN13_rst has no FanOut pin
WARNING : Net u_microprocessor_core/u_core/FE_OFN408_rst has no FanOut pin
WARNING : Net u_microprocessor_core/u_core/FE_OFN737_rst has no FanOut pin
WARNING : Net u_microprocessor_core/u_core/FE_OFN25633_rst has no FanOut pin
WARNING : Net u_microprocessor_core/u_core/FE_OCPN27154_UNCONNECTED73 has no FanOut pin
WARNING : Net u_microprocessor_core/u_core/FE_OCPN2064_store_data_forward_execute_31 has no FanOut pin
WARNING : Net u_microprocessor_core/u_core/FE_OCPN3023_UNCONNECTED77 has no FanOut pin
WARNING : Net u_microprocessor_core/u_core/FE_OCPN3684_FE_OFN430_UNCONNECTED66 has no FanOut pin
WARNING : Net u_microprocessor_core/u_core/FE_OCPN3740_n_2174 has no FanOut pin
WARNING : Net u_microprocessor_core/u_core/control_status_out[9] has no FanOut pin
WARNING : Net u_microprocessor_core/u_core/control_status_out[10] has no FanOut pin
WARNING : Net u_microprocessor_core/UNCONNECTED_HIER_Z180 has no FanOut pin
WARNING : Net u_microprocessor_core/UNCONNECTED_HIER_Z179 has no FanOut pin
WARNING : Net u_microprocessor_core/UNCONNECTED_HIER_Z178 has no FanOut pin
WARNING : Net u_microprocessor_core/UNCONNECTED_HIER_Z177 has no FanOut pin
WARNING : Net u_microprocessor_core/UNCONNECTED173 has no FanOut pin
WARNING : Net u_microprocessor_core/alu_mem_bytes[16] has no FanOut pin
WARNING : Net u_microprocessor_core/alu_mem_bytes[17] has no FanOut pin
WARNING : Net u_microprocessor_core/alu_mem_bytes[25] has no FanOut pin
WARNING : Net u_microprocessor_core/alu_mem_bytes[31] has no FanOut pin
WARNING : Net u_microprocessor_core/control_status[7] has no FanOut pin
WARNING : Net u_microprocessor_core/control_status[8] has no FanOut pin
WARNING : Net u_microprocessor_core/control_status[9] has no FanOut pin
WARNING : Net u_microprocessor_core/control_status[10] has no FanOut pin
WARNING : Net u_microprocessor_core/control_status[11] has no FanOut pin
WARNING : Net u_microprocessor_core/control_status[14] has no FanOut pin
WARNING : Net u_microprocessor_core/ifid_pc_word[7] has no FanOut pin
WARNING : Net u_microprocessor_core/alu_out_address[6] has no FanOut pin
WARNING : Net u_microprocessor_core/instruction_data[0] has no FanOut pin
WARNING : Net u_microprocessor_core/instruction_data[1] has no FanOut pin
WARNING : Net u_microprocessor_core/instruction_data[27] has no FanOut pin
WARNING : Net u_microprocessor_core/instruction_data[29] has no FanOut pin
WARNING : Net u_microprocessor_core/FE_OFN24_rst has no FanOut pin
WARNING : Net u_microprocessor_core/FE_OCPN26445_alu_out_address_5 has no FanOut pin
WARNING : Net u_microprocessor_core/FE_OCPN26923_data_mem_request has no FanOut pin
WARNING : Net u_microprocessor_core/FE_OCPN27658_alu_out_address_3 has no FanOut pin
WARNING : Net u_microprocessor_core/FE_OCPN28280_n has no FanOut pin
WARNING : Net u_microprocessor_core/u_data_memory/u_memory/n_5530 has 51 fanout
WARNING : Net u_microprocessor_core/u_data_memory/u_memory/n_5520 has 59 fanout
WARNING : Net u_microprocessor_core/u_data_memory/u_memory/FE_DBTN52_n_22737 has 60 fanout
WARNING : Net u_microprocessor_core/u_data_memory/u_memory/FE_DBTN127_n_6218 has 52 fanout
WARNING : Net u_microprocessor_core/u_data_memory/u_memory/FE_OFN42_store_data_31 has 63 fanout
WARNING : Net u_microprocessor_core/u_data_memory/u_memory/FE_OFN43_store_data_31 has 70 fanout
WARNING : Net u_microprocessor_core/u_data_memory/u_memory/FE_OFN44_store_data_31 has 65 fanout
WARNING : Net u_microprocessor_core/u_data_memory/u_memory/FE_OFN46_store_data_30 has 53 fanout
WARNING : Net u_microprocessor_core/u_data_memory/u_memory/FE_OFN47_store_data_30 has 66 fanout
WARNING : Net u_microprocessor_core/u_data_memory/u_memory/FE_OFN48_store_data_30 has 69 fanout
WARNING : Net u_microprocessor_core/u_data_memory/u_memory/FE_OFN49_store_data_29 has 60 fanout
WARNING : Net u_microprocessor_core/u_data_memory/u_memory/FE_OFN52_store_data_28 has 58 fanout
WARNING : Net u_microprocessor_core/u_data_memory/u_memory/FE_OFN55_store_data_28 has 62 fanout
WARNING : Net u_microprocessor_core/u_data_memory/u_memory/FE_OFN56_store_data_27 has 55 fanout
WARNING : Net u_microprocessor_core/u_data_memory/u_memory/FE_OFN57_store_data_27 has 59 fanout
WARNING : Net u_microprocessor_core/u_data_memory/u_memory/FE_OFN58_store_data_27 has 70 fanout
WARNING : Net u_microprocessor_core/u_data_memory/u_memory/FE_OFN59_store_data_26 has 65 fanout
WARNING : Net u_microprocessor_core/u_data_memory/u_memory/FE_OFN60_store_data_26 has 74 fanout
WARNING : Net u_microprocessor_core/u_data_memory/u_memory/FE_OFN61_store_data_26 has 63 fanout
WARNING : Net u_microprocessor_core/u_data_memory/u_memory/FE_OFN62_store_data_25 has 60 fanout
WARNING : Net u_microprocessor_core/u_data_memory/u_memory/FE_OFN65_store_data_24 has 66 fanout
WARNING : Net u_microprocessor_core/u_data_memory/u_memory/FE_OFN66_store_data_24 has 75 fanout
WARNING : Net u_microprocessor_core/u_data_memory/u_memory/FE_OFN69_store_data_23 has 75 fanout
WARNING : Net u_microprocessor_core/u_data_memory/u_memory/FE_OFN70_store_data_23 has 71 fanout
WARNING : Net u_microprocessor_core/u_data_memory/u_memory/FE_OFN73_store_data_22 has 59 fanout
WARNING : Net u_microprocessor_core/u_data_memory/u_memory/FE_OFN74_store_data_22 has 74 fanout
WARNING : Net u_microprocessor_core/u_data_memory/u_memory/FE_OFN75_store_data_22 has 55 fanout
WARNING : Net u_microprocessor_core/u_data_memory/u_memory/FE_OFN76_store_data_21 has 62 fanout
WARNING : Net u_microprocessor_core/u_data_memory/u_memory/FE_OFN77_store_data_21 has 58 fanout
WARNING : Net u_microprocessor_core/u_data_memory/u_memory/FE_OFN79_store_data_20 has 67 fanout
WARNING : Net u_microprocessor_core/u_data_memory/u_memory/FE_OFN80_store_data_20 has 56 fanout
WARNING : Net u_microprocessor_core/u_data_memory/u_memory/FE_OFN81_store_data_20 has 74 fanout
WARNING : Net u_microprocessor_core/u_data_memory/u_memory/FE_OFN84_store_data_19 has 61 fanout
WARNING : Net u_microprocessor_core/u_data_memory/u_memory/FE_OFN85_store_data_18 has 66 fanout
WARNING : Net u_microprocessor_core/u_data_memory/u_memory/FE_OFN86_store_data_18 has 73 fanout
WARNING : Net u_microprocessor_core/u_data_memory/u_memory/FE_OFN87_store_data_18 has 72 fanout
WARNING : Net u_microprocessor_core/u_data_memory/u_memory/FE_OFN88_store_data_17 has 63 fanout
WARNING : Net u_microprocessor_core/u_data_memory/u_memory/FE_OFN89_store_data_17 has 75 fanout
WARNING : Net u_microprocessor_core/u_data_memory/u_memory/FE_OFN90_store_data_17 has 60 fanout
WARNING : Net u_microprocessor_core/u_data_memory/u_memory/FE_OFN92_store_data_16 has 69 fanout
WARNING : Net u_microprocessor_core/u_data_memory/u_memory/FE_OFN93_store_data_16 has 57 fanout
WARNING : Net u_microprocessor_core/u_data_memory/u_memory/FE_OFN94_store_data_15 has 73 fanout
WARNING : Net u_microprocessor_core/u_data_memory/u_memory/FE_OFN96_store_data_15 has 62 fanout
WARNING : Net u_microprocessor_core/u_data_memory/u_memory/FE_OFN100_store_data_13 has 74 fanout
WARNING : Net u_microprocessor_core/u_data_memory/u_memory/FE_OFN102_store_data_13 has 65 fanout
WARNING : Net u_microprocessor_core/u_data_memory/u_memory/FE_OFN103_store_data_12 has 69 fanout
WARNING : Net u_microprocessor_core/u_data_memory/u_memory/FE_OFN106_store_data_11 has 71 fanout
WARNING : Net u_microprocessor_core/u_data_memory/u_memory/FE_OFN107_store_data_11 has 65 fanout
WARNING : Net u_microprocessor_core/u_data_memory/u_memory/FE_OFN109_store_data_10 has 61 fanout
WARNING : Net u_microprocessor_core/u_data_memory/u_memory/FE_OFN110_store_data_10 has 72 fanout
WARNING : Net u_microprocessor_core/u_data_memory/u_memory/FE_OFN112_store_data_9 has 58 fanout
WARNING : Net u_microprocessor_core/u_data_memory/u_memory/FE_OFN113_store_data_9 has 64 fanout
WARNING : Net u_microprocessor_core/u_data_memory/u_memory/FE_OFN116_store_data_8 has 54 fanout
WARNING : Net u_microprocessor_core/u_data_memory/u_memory/FE_OFN118_store_data_8 has 53 fanout
WARNING : Net u_microprocessor_core/u_data_memory/u_memory/FE_OFN119_store_data_8 has 61 fanout
WARNING : Net u_microprocessor_core/u_data_memory/u_memory/FE_OFN121_store_data_7 has 75 fanout
WARNING : Net u_microprocessor_core/u_data_memory/u_memory/FE_OFN123_store_data_6 has 75 fanout
WARNING : Net u_microprocessor_core/u_data_memory/u_memory/FE_OFN124_store_data_6 has 58 fanout
WARNING : Net u_microprocessor_core/u_data_memory/u_memory/FE_OFN125_store_data_6 has 53 fanout
WARNING : Net u_microprocessor_core/u_data_memory/u_memory/FE_OFN126_store_data_5 has 65 fanout
WARNING : Net u_microprocessor_core/u_data_memory/u_memory/FE_OFN127_store_data_5 has 69 fanout
WARNING : Net u_microprocessor_core/u_data_memory/u_memory/FE_OFN128_store_data_5 has 68 fanout
WARNING : Net u_microprocessor_core/u_data_memory/u_memory/FE_OFN129_store_data_4 has 51 fanout
WARNING : Net u_microprocessor_core/u_data_memory/u_memory/FE_OFN130_store_data_4 has 71 fanout
WARNING : Net u_microprocessor_core/u_data_memory/u_memory/FE_OFN132_store_data_3 has 74 fanout
WARNING : Net u_microprocessor_core/u_data_memory/u_memory/FE_OFN133_store_data_3 has 54 fanout
WARNING : Net u_microprocessor_core/u_data_memory/u_memory/FE_OFN134_store_data_3 has 60 fanout
WARNING : Net u_microprocessor_core/u_data_memory/u_memory/FE_OFN136_store_data_2 has 54 fanout
WARNING : Net u_microprocessor_core/u_data_memory/u_memory/FE_OFN137_store_data_2 has 66 fanout
WARNING : Net u_microprocessor_core/u_data_memory/u_memory/FE_OFN138_store_data_2 has 63 fanout
WARNING : Net u_microprocessor_core/u_data_memory/u_memory/FE_OFN139_store_data_1 has 72 fanout
WARNING : Net u_microprocessor_core/u_data_memory/u_memory/FE_OFN141_store_data_1 has 58 fanout
WARNING : Net u_microprocessor_core/u_data_memory/u_memory/FE_OFN142_store_data_0 has 59 fanout
WARNING : Net u_microprocessor_core/u_data_memory/u_memory/FE_OFN143_store_data_0 has 69 fanout
WARNING : Net u_microprocessor_core/u_data_memory/u_memory/FE_OFN28330_store_data_29 has 56 fanout
WARNING : Net u_microprocessor_core/u_data_memory/u_memory/FE_OFN28352_FE_OFN142_store_data_0 has 63 fanout
WARNING : Net u_microprocessor_core/u_data_memory/u_memory/FE_OFN28353_FE_OFN129_store_data_4 has 75 fanout
WARNING : Net u_microprocessor_core/u_data_memory/u_memory/FE_OFN28356_FE_OFN120_store_data_7 has 69 fanout
WARNING : Net u_microprocessor_core/u_data_memory/u_memory/FE_OFN28357_FE_OFN113_store_data_9 has 71 fanout
WARNING : Net u_microprocessor_core/u_data_memory/u_memory/FE_OFN28358_FE_OFN106_store_data_11 has 65 fanout
WARNING : Net u_microprocessor_core/u_data_memory/u_memory/FE_OFN28359_FE_OFN104_store_data_12 has 75 fanout
WARNING : Net u_microprocessor_core/u_data_memory/u_memory/FE_OFN28360_FE_OFN97_store_data_14 has 70 fanout
WARNING : Net u_microprocessor_core/u_data_memory/u_memory/FE_OFN28361_FE_OFN97_store_data_14 has 69 fanout
WARNING : Net u_microprocessor_core/u_data_memory/u_memory/FE_OFN28362_FE_OFN82_store_data_19 has 62 fanout
WARNING : Net u_microprocessor_core/u_data_memory/u_memory/FE_OFN28363_FE_OFN82_store_data_19 has 66 fanout
WARNING : Net u_microprocessor_core/u_data_memory/u_memory/FE_OFN28364_FE_OFN76_store_data_21 has 66 fanout
WARNING : Net u_microprocessor_core/u_data_memory/u_memory/FE_OFN28365_FE_OFN62_store_data_25 has 62 fanout
WARNING : Net u_microprocessor_core/u_data_memory/u_memory/FE_OFN28366_FE_OFN62_store_data_25 has 73 fanout
WARNING : Net u_microprocessor_core/u_data_memory/u_memory/FE_OFN28368_store_data_16 has 55 fanout
WARNING : Net u_microprocessor_core/u_data_memory/u_memory/CTS_76 has 95 fanout
WARNING : Net u_microprocessor_core/u_data_memory/u_memory/CTS_77 has 100 fanout
WARNING : Net u_microprocessor_core/u_data_memory/u_memory/CTS_1 has 100 fanout
WARNING : Net u_microprocessor_core/u_data_memory/u_memory/CTS_2 has 100 fanout
WARNING : Net u_microprocessor_core/u_data_memory/u_memory/CTS_3 has 100 fanout
WARNING : Net u_microprocessor_core/u_data_memory/u_memory/CTS_4 has 100 fanout
WARNING : Net u_microprocessor_core/u_data_memory/u_memory/CTS_5 has 100 fanout
WARNING : Net u_microprocessor_core/u_data_memory/u_memory/CTS_6 has 100 fanout
WARNING : Net u_microprocessor_core/u_data_memory/u_memory/CTS_7 has 99 fanout
WARNING : Net u_microprocessor_core/u_data_memory/u_memory/CTS_8 has 100 fanout
WARNING : Net u_microprocessor_core/u_data_memory/u_memory/CTS_9 has 100 fanout
WARNING : Net u_microprocessor_core/u_data_memory/u_memory/CTS_10 has 100 fanout
WARNING : Net u_microprocessor_core/u_data_memory/u_memory/CTS_11 has 100 fanout
WARNING : Net u_microprocessor_core/u_data_memory/u_memory/CTS_12 has 100 fanout
WARNING : Net u_microprocessor_core/u_data_memory/u_memory/CTS_13 has 100 fanout
WARNING : Net u_microprocessor_core/u_data_memory/u_memory/CTS_14 has 100 fanout
WARNING : Net u_microprocessor_core/u_data_memory/u_memory/CTS_15 has 100 fanout
WARNING : Net u_microprocessor_core/u_data_memory/u_memory/CTS_16 has 100 fanout
WARNING : Net u_microprocessor_core/u_data_memory/u_memory/CTS_17 has 100 fanout
WARNING : Net u_microprocessor_core/u_data_memory/u_memory/CTS_18 has 100 fanout
WARNING : Net u_microprocessor_core/u_data_memory/u_memory/CTS_19 has 100 fanout
WARNING : Net u_microprocessor_core/u_data_memory/u_memory/CTS_20 has 100 fanout
WARNING : Net u_microprocessor_core/u_data_memory/u_memory/CTS_21 has 100 fanout
WARNING : Net u_microprocessor_core/u_data_memory/u_memory/CTS_22 has 98 fanout
WARNING : Net u_microprocessor_core/u_data_memory/u_memory/CTS_23 has 100 fanout
WARNING : Net u_microprocessor_core/u_data_memory/u_memory/CTS_24 has 100 fanout
WARNING : Net u_microprocessor_core/u_data_memory/u_memory/CTS_25 has 100 fanout
WARNING : Net u_microprocessor_core/u_data_memory/u_memory/CTS_26 has 99 fanout
WARNING : Net u_microprocessor_core/u_data_memory/u_memory/CTS_27 has 100 fanout
WARNING : Net u_microprocessor_core/u_data_memory/u_memory/CTS_28 has 99 fanout
WARNING : Net u_microprocessor_core/u_data_memory/u_memory/CTS_29 has 99 fanout
WARNING : Net u_microprocessor_core/u_data_memory/u_memory/CTS_30 has 97 fanout
WARNING : Net u_microprocessor_core/u_data_memory/u_memory/CTS_31 has 99 fanout
WARNING : Net u_microprocessor_core/u_data_memory/u_memory/CTS_32 has 100 fanout
WARNING : Net u_microprocessor_core/u_data_memory/u_memory/CTS_33 has 97 fanout
WARNING : Net u_microprocessor_core/u_data_memory/u_memory/CTS_34 has 100 fanout
WARNING : Net u_microprocessor_core/u_data_memory/u_memory/CTS_35 has 100 fanout
WARNING : Net u_microprocessor_core/u_data_memory/u_memory/CTS_36 has 98 fanout
WARNING : Net u_microprocessor_core/u_data_memory/u_memory/CTS_37 has 98 fanout
WARNING : Net u_microprocessor_core/u_data_memory/u_memory/CTS_38 has 100 fanout
WARNING : Net u_microprocessor_core/u_data_memory/u_memory/CTS_39 has 100 fanout
WARNING : Net u_microprocessor_core/u_data_memory/u_memory/CTS_40 has 100 fanout
WARNING : Net u_microprocessor_core/u_data_memory/u_memory/CTS_41 has 100 fanout
WARNING : Net u_microprocessor_core/u_data_memory/u_memory/CTS_42 has 100 fanout
WARNING : Net u_microprocessor_core/u_data_memory/u_memory/CTS_43 has 93 fanout
WARNING : Net u_microprocessor_core/u_data_memory/u_memory/CTS_44 has 100 fanout
WARNING : Net u_microprocessor_core/u_data_memory/u_memory/CTS_45 has 98 fanout
WARNING : Net u_microprocessor_core/u_data_memory/u_memory/CTS_46 has 100 fanout
WARNING : Net u_microprocessor_core/u_data_memory/u_memory/CTS_47 has 100 fanout
WARNING : Net u_microprocessor_core/u_data_memory/u_memory/CTS_48 has 100 fanout
WARNING : Net u_microprocessor_core/u_data_memory/u_memory/CTS_49 has 100 fanout
WARNING : Net u_microprocessor_core/u_data_memory/u_memory/CTS_50 has 100 fanout
WARNING : Net u_microprocessor_core/u_data_memory/u_memory/CTS_51 has 100 fanout
WARNING : Net u_microprocessor_core/u_data_memory/u_memory/CTS_52 has 100 fanout
WARNING : Net u_microprocessor_core/u_data_memory/u_memory/CTS_53 has 100 fanout
WARNING : Net u_microprocessor_core/u_data_memory/u_memory/CTS_54 has 100 fanout
WARNING : Net u_microprocessor_core/u_data_memory/u_memory/CTS_55 has 100 fanout
WARNING : Net u_microprocessor_core/u_data_memory/u_memory/CTS_56 has 100 fanout
WARNING : Net u_microprocessor_core/u_data_memory/u_memory/CTS_57 has 100 fanout
WARNING : Net u_microprocessor_core/u_data_memory/u_memory/CTS_58 has 100 fanout
WARNING : Net u_microprocessor_core/u_data_memory/u_memory/CTS_59 has 100 fanout
WARNING : Net u_microprocessor_core/u_data_memory/u_memory/CTS_60 has 100 fanout
WARNING : Net u_microprocessor_core/u_data_memory/u_memory/CTS_61 has 100 fanout
WARNING : Net u_microprocessor_core/u_data_memory/u_memory/CTS_62 has 100 fanout
WARNING : Net u_microprocessor_core/u_data_memory/u_memory/CTS_63 has 100 fanout
WARNING : Net u_microprocessor_core/u_data_memory/u_memory/CTS_64 has 100 fanout
WARNING : Net u_microprocessor_core/u_data_memory/u_memory/CTS_65 has 100 fanout
WARNING : Net u_microprocessor_core/u_data_memory/u_memory/CTS_66 has 97 fanout
WARNING : Net u_microprocessor_core/u_data_memory/u_memory/CTS_67 has 97 fanout
WARNING : Net u_microprocessor_core/u_data_memory/u_memory/CTS_68 has 100 fanout
WARNING : Net u_microprocessor_core/u_data_memory/u_memory/CTS_69 has 97 fanout
WARNING : Net u_microprocessor_core/u_data_memory/u_memory/CTS_70 has 100 fanout
WARNING : Net u_microprocessor_core/u_data_memory/u_memory/CTS_71 has 97 fanout
WARNING : Net u_microprocessor_core/u_data_memory/u_memory/CTS_72 has 98 fanout
WARNING : Net u_microprocessor_core/u_data_memory/u_memory/CTS_73 has 97 fanout
WARNING : Net u_microprocessor_core/u_data_memory/u_memory/CTS_74 has 100 fanout
WARNING : Net u_microprocessor_core/u_data_memory/u_memory/FE_PHN260_store_data_22 has 68 fanout
WARNING : Net u_microprocessor_core/u_data_memory/u_memory/FE_PHN263_store_data_5 has 55 fanout
WARNING : Net u_microprocessor_core/u_data_memory/u_memory/FE_PHN264_store_data_26 has 53 fanout
WARNING : Net u_microprocessor_core/u_data_memory/u_memory/FE_PHN265_store_data_17 has 58 fanout
WARNING : Net u_microprocessor_core/u_data_memory/u_memory/FE_PHN266_store_data_25 has 63 fanout
WARNING : Net u_microprocessor_core/u_data_memory/u_memory/FE_PHN278_store_data_30 has 59 fanout
WARNING : Net u_microprocessor_core/u_data_memory/u_memory/FE_PHN280_store_data_20 has 60 fanout
WARNING : Net u_microprocessor_core/u_data_memory/u_memory/FE_PHN281_store_data_6 has 70 fanout
WARNING : Net u_microprocessor_core/u_data_memory/u_memory/FE_PHN313_store_data_27 has 70 fanout
WARNING : Net u_microprocessor_core/u_core/u_fetchpipeline/FE_DBTN141_n_19 has 64 fanout
WARNING : Net u_microprocessor_core/u_core/u_fetchpipeline/FE_DBTN143_n_0 has 59 fanout
WARNING : Net u_microprocessor_core/u_core/u_executestage/u_alu0/FE_OFN147_alu_mem_bytes_10 has 70 fanout
WARNING : Net u_microprocessor_core/u_core/u_executestage/u_alu0/FE_OFN25655_n has 58 fanout
WARNING : Net u_microprocessor_core/u_core/u_executestage/u_alu0/FE_OFN25718_n has 70 fanout
WARNING : Net u_microprocessor_core/u_core/u_executestage/u_alu0/FE_OCPN26428_alu_mem_bytes_9 has 63 fanout
WARNING : Net u_microprocessor_core/u_core/u_decodestage/u_regfile0/FE_OFN10_rst has 60 fanout
WARNING : Net u_microprocessor_core/u_core/u_decodestage/u_regfile0/FE_OFN14_rst has 62 fanout
WARNING : Net u_microprocessor_core/u_core/u_decodestage/u_regfile0/FE_OFN15_rst has 61 fanout
WARNING : Net u_microprocessor_core/u_core/u_decodestage/u_regfile0/FE_OFN16_rst has 60 fanout
WARNING : Net u_microprocessor_core/u_core/u_decodestage/u_regfile0/FE_OFN17_rst has 62 fanout
WARNING : Net u_microprocessor_core/u_core/u_decodestage/u_regfile0/FE_OFN18_rst has 65 fanout
WARNING : Net u_microprocessor_core/u_core/u_decodestage/u_regfile0/FE_OFN19_rst has 63 fanout
WARNING : Net u_microprocessor_core/u_core/u_decodestage/u_regfile0/FE_OFN20_rst has 54 fanout
WARNING : Net u_microprocessor_core/u_core/u_decodestage/u_regfile0/FE_OFN21_rst has 54 fanout
WARNING : Net u_microprocessor_core/u_core/u_decodestage/u_regfile0/FE_OFN22_rst has 51 fanout
WARNING : Net u_microprocessor_core/u_core/u_decodestage/u_regfile0/FE_OFN35_rst has 54 fanout
WARNING : Net u_microprocessor_core/u_core/u_decodestage/u_regfile0/CTS_6 has 100 fanout
WARNING : Net u_microprocessor_core/u_core/u_decodestage/u_regfile0/CTS_7 has 100 fanout
WARNING : Net u_microprocessor_core/u_core/u_decodestage/u_regfile0/CTS_1 has 100 fanout
WARNING : Net u_microprocessor_core/u_core/u_decodestage/u_regfile0/CTS_2 has 100 fanout
WARNING : Net u_microprocessor_core/u_core/u_decodestage/u_regfile0/CTS_3 has 100 fanout
WARNING : Net u_microprocessor_core/u_core/u_decodestage/u_regfile0/CTS_4 has 100 fanout
WARNING : Net u_microprocessor_core/u_core/u_decodepipeline/FE_OFN413_n_219 has 69 fanout
WARNING : Net u_microprocessor_core/u_core/u_decodepipeline/FE_OFN740_n_219 has 70 fanout
WARNING : Net u_microprocessor_core/u_core/FE_OFN0_rst has 52 fanout
WARNING : Net u_microprocessor_core/u_core/FE_OFN2_rst has 68 fanout
WARNING : Net u_microprocessor_core/u_core/FE_OFN4_rst has 54 fanout
WARNING : Net u_microprocessor_core/u_core/FE_OFN8_rst has 54 fanout
WARNING : Net u_microprocessor_core/u_core/FE_OFN11_rst has 53 fanout
WARNING : Net u_microprocessor_core/u_core/FE_OFN12_rst has 66 fanout
WARNING : Net u_microprocessor_core/u_core/FE_OFN26_rst has 60 fanout
WARNING : Net u_microprocessor_core/u_core/FE_RN_1 has 54 fanout
WARNING : Net u_microprocessor_core/u_core/CTS_5 has 100 fanout
WARNING : Net u_microprocessor_core/u_core/CTS_6 has 89 fanout
WARNING : Net u_microprocessor_core/u_core/CTS_1 has 100 fanout
WARNING : Net u_microprocessor_core/u_core/CTS_2 has 100 fanout
WARNING : Net u_microprocessor_core/u_core/CTS_3 has 100 fanout
WARNING : Net u_microprocessor_core/store_data[3] has 71 fanout
WARNING : Net u_microprocessor_core/store_data[4] has 57 fanout
WARNING : Net u_microprocessor_core/store_data[7] has 70 fanout
WARNING : Net u_microprocessor_core/store_data[8] has 63 fanout
WARNING : Net u_microprocessor_core/store_data[10] has 70 fanout
WARNING : Net u_microprocessor_core/store_data[11] has 58 fanout
WARNING : Net u_microprocessor_core/store_data[12] has 71 fanout
WARNING : Net u_microprocessor_core/store_data[13] has 67 fanout
WARNING : Net u_microprocessor_core/store_data[14] has 60 fanout
WARNING : Net u_microprocessor_core/store_data[15] has 75 fanout
WARNING : Net u_microprocessor_core/store_data[23] has 71 fanout
WARNING : Net u_microprocessor_core/store_data[28] has 67 fanout
WARNING : Net u_microprocessor_core/FE_OFN6_rst has 75 fanout
WARNING : Net u_microprocessor_core/FE_OFN7_rst has 75 fanout
WARNING : Net u_microprocessor_core/FE_OFN27_rst has 55 fanout
WARNING : Net u_microprocessor_core/CTS_12 has 94 fanout
WARNING : Net u_microprocessor_core/CTS_13 has 98 fanout
WARNING : Net u_microprocessor_core/CTS_1 has 99 fanout
WARNING : Net u_microprocessor_core/CTS_2 has 100 fanout
WARNING : Net u_microprocessor_core/CTS_3 has 99 fanout
WARNING : Net u_microprocessor_core/CTS_4 has 100 fanout
WARNING : Net u_microprocessor_core/CTS_5 has 98 fanout
WARNING : Net u_microprocessor_core/CTS_6 has 99 fanout
WARNING : Net u_microprocessor_core/CTS_7 has 100 fanout
WARNING : Net u_microprocessor_core/CTS_8 has 100 fanout
WARNING : Net u_microprocessor_core/CTS_9 has 100 fanout
WARNING : Net u_microprocessor_core/CTS_10 has 100 fanout
WARNING : Net u_microprocessor_core/CTS_11 has 99 fanout
WARNING : Net VDD_CORE has 4785 fanout

