###############################################################
#  Generated by:      Cadence Innovus 21.19-s058_1
#  OS:                Linux x86_64(Host ID vlsi.iitgn.ac.in)
#  Generated on:      Sat Apr 11 19:17:46 2026
#  Design:            microprocessor_pad_top
#  Command:           report_ccopt_clock_trees -summary -file /home/thoshith/work_riscv/scl6m/cts/reports/microprocessor_pad_top_clock_trees.rpt
###############################################################

Clock DAG stats:
================

-----------------------------------------------------------
Cell type                 Count    Area         Capacitance
-----------------------------------------------------------
Buffers                    101      3157.952       0.726
Inverters                    0         0.000       0.000
Integrated Clock Gates       0         0.000       0.000
Discrete Clock Gates         0         0.000       0.000
Clock Logic                  2     32500.000       3.713
All                        103     35657.952       4.439
-----------------------------------------------------------


Clock DAG sink counts:
======================

-------------------------
Sink type           Count
-------------------------
Regular             9829
Enable Latch           0
Load Capacitance       0
Antenna Diode          0
Node Sink              0
Total               9829
-------------------------


Clock DAG wire lengths:
=======================

--------------------
Type     Wire Length
--------------------
Top           0.000
Trunk     10048.430
Leaf     111490.675
Total    121539.105
--------------------


Clock DAG hp wire lengths:
==========================

-----------------------
Type     hp Wire Length
-----------------------
Top            0.000
Trunk       4282.240
Leaf       24034.380
Total      28316.620
-----------------------


Clock DAG capacitances:
=======================

-----------------------------------
Type     Gate      Wire      Total
-----------------------------------
Top       0.000     0.000     0.000
Trunk     4.439     1.779     6.219
Leaf     21.513    26.227    47.740
Total    25.952    28.006    53.958
-----------------------------------


Clock DAG sink capacitances:
============================

------------------------------------------------
Total     Average    Std. Dev.    Min      Max
------------------------------------------------
21.513     0.002       0.000      0.002    0.005
------------------------------------------------


Clock DAG net violations:
=========================

None


Clock DAG primary half-corner transition distribution:
======================================================

---------------------------------------------------------------------------------------------------------------------------------------------------------------
Net Type    Target    Count    Average    Std. Dev.    Min      Max      Distribution                                                               Over Target
---------------------------------------------------------------------------------------------------------------------------------------------------------------
Trunk       2.000        4      0.630       0.557      0.000    1.357    {3 <= 1.200ns, 1 <= 1.600ns, 0 <= 1.800ns, 0 <= 1.900ns, 0 <= 2.000ns}          -
Leaf        2.000      100      0.922       0.251      0.638    1.862    {96 <= 1.200ns, 0 <= 1.600ns, 2 <= 1.800ns, 2 <= 1.900ns, 0 <= 2.000ns}         -
---------------------------------------------------------------------------------------------------------------------------------------------------------------


Clock DAG library cell distribution:
====================================

---------------------------------------
Name      Type      Inst     Inst Area 
                    Count    (um^2)
---------------------------------------
bufbdk    buffer      1         75.264
bufbd7    buffer     41       1800.064
bufbd4    buffer     55       1207.360
bufbd2    buffer      4         75.264
pc3o05    logic       1      16250.000
pc3d01    logic       1      16250.000
---------------------------------------



Please note that the following tables reflect only the defined clock trees, so the flop counts might not include all flops in your design.

Clock Tree Summary:
===================

------------------------------------------------------------------------------------------------------------------------
Clock Tree  Clock  Bufs  Invs  Other  Max       Max     Max      Max          Standard   Wire    Gate    Clock Tree Root
Name        Gates              Clock  Non-leaf  Leaf    Length   Source-sink  cell area  cap     cap     
                               Cells  Fanout    Fanout  (um)     Resistance   (um^2)     (pF)    (pF)    
                                                                 (Ohms)                                  
------------------------------------------------------------------------------------------------------------------------
clk_pad       0    101    0      2       99      100    1862.56    5921.6     35657.952  28.006  25.952  clk_pad
------------------------------------------------------------------------------------------------------------------------

1 clock trees contain a total of 2 nets marked dont_touch, which will not have been buffered, and may have Design Rule Violations as a consequence.
1 clock trees contain a total of 2 nets marked ideal_network, which will not have been buffered, and may have Design Rule Violations as a consequence.

Clock Sink Summary:
===================

-------------------------------------------------------------------------------------------------------------------------------------------
Clock Tree  Explicit      Implicit      Explicit     Implicit     Explicit   Implicit   Posedge  Negedge  Memory  Enable  Non enable  Other
Name        exclude pins  exclude pins  ignore pins  ignore pins  stop pins  stop pins  Flops    Flops    Clock   Latch   Latch       Sinks
                                                                                                          Pins    Sinks   Sinks       
-------------------------------------------------------------------------------------------------------------------------------------------
clk_pad          0             0             1            0           0          0       9828       0       0       0         0         1
-------------------------------------------------------------------------------------------------------------------------------------------

Summary across all clock trees:
===============================

---------------------------------------------------------------------------------------------------------------
Clock  Bufs  Invs  Other  Max       Average   Max     Average  Max       Max          Standard   Wire    Gate
Gates              Clock  Non-leaf  Non-leaf  Leaf    Leaf     Length    Source-sink  cell area  cap     cap
                   Cells  Fanout    Fanout    Fanout  Fanout   (um)      Resistance   (um^2)     (pF)    (pF)
                                                                         (Ohms)                          
---------------------------------------------------------------------------------------------------------------
  0    101    0      2       99      25.75     100     98.29   1862.560    592.160    35657.952  28.006  25.952
---------------------------------------------------------------------------------------------------------------

Clock Sink Summary across all clock trees:
==========================================

-------------------------------------------------------------------------------------------------------------------------------
Explicit      Implicit      Explicit     Implicit     Explicit   Implicit   Posedge  Negedge  Memory  Enable  Non enable  Other
exclude pins  exclude pins  ignore pins  ignore pins  stop pins  stop pins  Flops    Flops    Clock   Latch   Latch       Sinks
                                                                                              Pins    Sinks   Sinks       
-------------------------------------------------------------------------------------------------------------------------------
     0             0             1            0           0          0       9828       0       0       0         0         1
-------------------------------------------------------------------------------------------------------------------------------

Physical metrics across all clock trees:
========================================

------------------------------------------------------------------------
Metric                               Minimum  Average  Maximum   Std.dev
------------------------------------------------------------------------
Source-sink routed net length (um)    0.000   218.375  1862.560  198.011
Source-sink manhattan distance (um)   0.000   214.729  1867.600  198.645
Source-sink resistance (Ohm)          0.002    96.796   592.160   59.196
------------------------------------------------------------------------

Transition distribution for all half-corners:
=============================================

---------------------------------------------------------------------------------------------------------------------------------------------------------------
Net Type    Target    Count    Average    Std. Dev.    Min      Max      Distribution                                                               Over Target
---------------------------------------------------------------------------------------------------------------------------------------------------------------
Trunk       2.000        4      0.630       0.557      0.000    1.357    {3 <= 1.200ns, 1 <= 1.600ns, 0 <= 1.800ns, 0 <= 1.900ns, 0 <= 2.000ns}          -
Leaf        2.000      100      0.922       0.251      0.638    1.862    {96 <= 1.200ns, 0 <= 1.600ns, 2 <= 1.800ns, 2 <= 1.900ns, 0 <= 2.000ns}         -
---------------------------------------------------------------------------------------------------------------------------------------------------------------

Count of violations across all clock trees:
===========================================

---------------------------------------------------------------------------------------
Clock Tree  # Max capacitance  # Max resistance  # Max length  # Max fanout  # Slew
Name        violations         violations        violations    violations    violations
---------------------------------------------------------------------------------------
clk_pad             1                 0               0             0            0
---------------------------------------------------------------------------------------
Total               1                 0               0             0            0
---------------------------------------------------------------------------------------

Note the above table per clock tree is based on CCOpt clock tree view. The violations are counted across half corners.

Found a total of 1 clock tree pin with max capacitance violations.
Found a total of 1 max capacitance violation.
Total violation amount 3.538pF.

Max capacitance violation summary across all clock trees - Top 1 violation:
===========================================================================

Target and measured capacitances (in pF):

-------------------------------------------------------------------------------------
Half corner           Violation  Capacitance  Capacitance  Target             Pin
                      amount     target       achieved     source             
-------------------------------------------------------------------------------------
max_delay:setup.late    3.538       0.000        3.538     clock_root_forced  clk_pad
-------------------------------------------------------------------------------------

Target sources:
target_max_capacitance_property - the target was set in the target_max_capacitance property
library_or_sdc_constraint - the non-frequency-dependent target was set in a library file or by an SDC constraint
frequency_dependent_library_or_sdc_constraint - the frequency-dependent target was set in a library file or by an SDC constraint
computed_from_slew_target - the target was calculated based on the slew target at a clock root
clock_root_forced - the target was forced to be zero at a clock root


Found a total of 0 clock tree nets with max resistance violations.
Found a total of 0 clock tree nets with max length violations.
Found a total of 0 clock tree nets with max fanout violations.
Found a total of 0 clock tree pins with a slew violation.

Clock Timing Summary:
=====================

Target and measured clock slews (in ns):

--------------------------------------------------------------------------------------------------------------------------------------------
Clock tree  Timing Corner          Worst Rising  Worst Falling  Worst Rising  Worst Falling  Leaf Slew    Leaf Slew  Trunk Slew   Trunk Slew
                                   Leaf Slew     Leaf Slew      Trunk Slew    Trunk Slew     Target Type  Target     Target Type  Target
--------------------------------------------------------------------------------------------------------------------------------------------
clk_pad     max_delay:setup.early     0.858          0.897         1.060          1.002      ignored          -      ignored          -
clk_pad     max_delay:setup.late      1.847          1.862         1.357          1.315      explicit      2.000     explicit      2.000
clk_pad     min_delay:hold.early      0.858          0.897         1.060          1.002      ignored          -      ignored          -
clk_pad     min_delay:hold.late       1.847          1.862         1.357          1.315      explicit      2.000     explicit      2.000
--------------------------------------------------------------------------------------------------------------------------------------------

* - indicates that target was not met.

auto extracted - target was extracted from SDC.
auto computed - target was computed when balancing trees.

Total Transition Slacks Summary:
================================

-------------------------------------------------------------------------------------------------
Total       Total Leaf    Total        Total Leaf    Mean        Median      Std.Dev     Worst
Overslew    Overslew      Underslew    Underslew     Overslew    Overslew    Overslew    Overslew
-------------------------------------------------------------------------------------------------
 0.000        0.000       -111.299      -107.818      0.000       0.000       0.000       0.000
-------------------------------------------------------------------------------------------------

Transition times measured in the half-corner max_delay:setup.late

Top Overslews:

-----------------------------
Driving node    Overslew (ns)
-----------------------------
clk_pad             0.000
-----------------------------

Top Underslews:

----------------------------------------------------------------------------------
Driving node                                                        Underslew (ns)
----------------------------------------------------------------------------------
CTS_cid_buf_00317                                                       -1.419
pc3d01_clk                                                              -1.418
u_microprocessor_core/CTS_ccl_a_buf_00233                               -1.362
u_microprocessor_core/u_data_memory/u_memory/CTS_ccl_a_buf_00287        -1.360
u_microprocessor_core/u_data_memory/u_memory/CTS_ccl_a_buf_00306        -1.349
u_microprocessor_core/CTS_ccl_a_buf_00231                               -1.348
u_microprocessor_core/CTS_ccl_a_buf_00234                               -1.346
u_microprocessor_core/u_data_memory/u_memory/CTS_ccl_a_buf_00270        -1.346
u_microprocessor_core/u_data_memory/u_memory/CTS_ccl_a_buf_00263        -1.345
u_microprocessor_core/u_data_memory/u_memory/CTS_ccl_a_buf_00286        -1.344
----------------------------------------------------------------------------------

