Usage: (20.8%H 21.7%V) = (1.475e+06um 1.862e+06um) = (263321 332520)
Overflow: 4 = 4 (0.01% H) + 0 (0.00% V)

Congestion distribution:

Remain	cntH		cntV
--------------------------------------
 -3:	1	 0.00%	0	 0.00%
 -1:	2	 0.00%	0	 0.00%
--------------------------------------
  0:	14	 0.02%	7	 0.01%
  1:	639	 0.91%	459	 0.68%
  2:	1134	 1.61%	287	 0.43%
  3:	217	 0.31%	161	 0.24%
  4:	325	 0.46%	140	 0.21%
  5:	67906	96.68%	66063	98.43%
[hotspot] +------------+---------------+---------------+
[hotspot] |            |   max hotspot | total hotspot |
[hotspot] +------------+---------------+---------------+
[hotspot] | normalized |          0.00 |          0.00 |
[hotspot] +------------+---------------+---------------+
Local HotSpot Analysis: normalized max congestion hotspot area = 0.00, normalized total congestion hotspot area = 0.00 (area is in unit of 4 std-cell row bins)
