###############################################################
#  Generated by:      Cadence Innovus 21.19-s058_1
#  OS:                Linux x86_64(Host ID vlsi.iitgn.ac.in)
#  Generated on:      Sat Apr 11 19:17:47 2026
#  Design:            microprocessor_pad_top
#  Command:           report_ccopt_skew_groups -summary -file /home/thoshith/work_riscv/scl6m/cts/reports/microprocessor_pad_top_skew_group.rpt
###############################################################

Skew Group Structure:
=====================

-------------------------------------------------------------------------
Skew Group            Sources    Constrained Sinks    Unconstrained Sinks
-------------------------------------------------------------------------
clk_pad/functional       1             9828                    1
-------------------------------------------------------------------------

Skew Group Summary:
===================

--------------------------------------------------------------------------------------------------------------------------------------------------------------------------
Timing Corner            Skew Group            ID Target    Min ID    Max ID    Avg ID    Std.Dev. ID    Skew Target Type    Skew Target    Skew     Skew window occupancy
--------------------------------------------------------------------------------------------------------------------------------------------------------------------------
max_delay:setup.early    clk_pad/functional        -        1.405     1.752     1.604        0.095       ignored                  -         0.347              -
max_delay:setup.late     clk_pad/functional    none         3.458     3.760     3.621        0.070       auto computed        0.491         0.302    100% {3.458, 3.760}
min_delay:hold.early     clk_pad/functional        -        1.405     1.752     1.604        0.095       ignored                  -         0.347              -
min_delay:hold.late      clk_pad/functional        -        3.458     3.760     3.621        0.070       explicit             0.500         0.302    100% {3.458, 3.760}
--------------------------------------------------------------------------------------------------------------------------------------------------------------------------

* - indicates that target was not met.

Skew Group Min/Max path pins:
=============================

-----------------------------------------------------------------------------------
Timing Corner            Skew Group            Min ID    PathID    Max ID    PathID
-----------------------------------------------------------------------------------
max_delay:setup.early    clk_pad/functional    1.405       -       1.752       -
-    min u_microprocessor_core/u_data_memory/u_memory/mem_reg[92][26]/CP
-    max u_microprocessor_core/u_data_memory/u_memory/mem_reg[143][24]/CP
max_delay:setup.late     clk_pad/functional    3.458       -       3.760       -
-    min u_microprocessor_core/u_data_memory/u_memory/mem_reg[92][26]/CP
-    max u_microprocessor_core/u_data_memory/u_memory/mem_reg[27][3]/CP
min_delay:hold.early     clk_pad/functional    1.405       -       1.752       -
-    min u_microprocessor_core/u_data_memory/u_memory/mem_reg[92][26]/CP
-    max u_microprocessor_core/u_data_memory/u_memory/mem_reg[143][24]/CP
min_delay:hold.late      clk_pad/functional    3.458       -       3.760       -
-    min u_microprocessor_core/u_data_memory/u_memory/mem_reg[92][26]/CP
-    max u_microprocessor_core/u_data_memory/u_memory/mem_reg[27][3]/CP
-----------------------------------------------------------------------------------

