============================================================
  Generated by:           Genus(TM) Synthesis Solution 21.19-s055_1
  Generated on:           Apr 11 2026  04:36:55 pm
  Module:                 microprocessor_pad_top
  Technology libraries:   tsl18fs120_scl_ss 1
                          tsl18cio150_max 1.0
                          tsl18fs120_scl_ss 1
                          tsl18cio150_max 1.0
  Operating conditions:   tsl18cio150_max (worst_case_tree)
  Wireload mode:          enclosed
  Area mode:              timing library
============================================================

Timing
--------

  Clock    Period 
------------------
clk_pad   10000.0 
vir_clk_i 10000.0 


   Cost     Critical               Violating 
  Group    Path Slack     TNS        Paths   
---------------------------------------------
clk_pad      No paths         0.0            
default      No paths         0.0            
I2O           -7320.7   -113277.5         32 
I2R            3812.1         0.0          0 
R2O          No paths         0.0            
R2R            -554.0   -133498.6        329 
vir_clk_i    No paths         0.0            
---------------------------------------------
Total                   -246776.1        361 

Instance Count
--------------
Leaf Instance Count             42827 
Physical Instance count             0 
Sequential Instance Count        9828 
Combinational Instance Count    32999 
Hierarchical Instance Count        43 

Area
----
Cell Area                          1470228.617
Physical Cell Area                 0.000
Total Cell Area (Cell+Physical)    1470228.617
Net Area                           9.163
Total Area (Cell+Physical+Net)     1470237.780

Runtime                            2.0 seconds
Elapsed Runtime                    371 seconds
Genus peak memory usage            2306.79 
Innovus peak memory usage          no_value 
Hostname                           localhost
