============================================================
  Generated by:           Genus(TM) Synthesis Solution 21.19-s055_1
  Generated on:           Apr 11 2026  04:36:55 pm
  Module:                 microprocessor_pad_top
  Technology libraries:   tsl18fs120_scl_ss 1
                          tsl18cio150_max 1.0
                          tsl18fs120_scl_ss 1
                          tsl18cio150_max 1.0
  Operating conditions:   tsl18cio150_max (worst_case_tree)
  Wireload mode:          enclosed
  Area mode:              timing library
============================================================

                           Instance                                        Module               Cell Count   Cell Area  Net Area   Total Area   Wireload   
-----------------------------------------------------------------------------------------------------------------------------------------------------------
microprocessor_pad_top                                                                               42827 1470228.617     9.163  1470237.780 2000000 (S)  
  u_microprocessor_core                                       microprocessor                         42788 1419706.454     0.000  1419706.454 2000000 (S)  
    u_core                                                    core                                   11727  332922.423     0.000   332922.423  540000 (S)  
      u_branch_execute                                        branch                                   761   16045.216     0.000    16045.216   35000 (S)  
        gte_14_49                                             geq_signed_rtlopto_model_1779            154    3246.995     0.000     3246.995    4000 (S)  
        gte_16_40                                             geq_unsigned_rtlopto_model_1780          154    3246.995     0.000     3246.995    4000 (S)  
        lt_13_49                                              lt_signed_1_rtlopto_model_1781           151    3183.742     0.000     3183.742    4000 (S)  
        lt_15_40                                              lt_unsigned_1_rtlopto_model_1782         151    3183.742     0.000     3183.742    4000 (S)  
      u_decodepipeline                                        decode_pipe                              232   16372.024     0.000    16372.024   35000 (S)  
      u_decodestage                                           decode                                  5679  171690.139     0.000   171690.139  280000 (S)  
        u_cu0                                                 controlunit                               97    2045.185     0.000     2045.185    4000 (S)  
          u_controldec0                                       control_decoder                           72    1518.076     0.000     1518.076    4000 (S)  
          u_typedec0                                          type_decoder                              25     527.110     0.000      527.110    4000 (S)  
        u_imm_gen0                                            immediategen                              82    1728.919     0.000     1728.919    4000 (S)  
        u_mux1                                                mux                                       96    2024.101     0.000     2024.101    4000 (S)  
        u_mux2                                                mux_468                                   96    2024.101     0.000     2024.101    4000 (S)  
        u_regfile0                                            registerfile                            5308  163867.832     0.000   163867.832  280000 (S)  
      u_execute_forwarding                                    execute_forwarding                       919   19376.549     0.000    19376.549   35000 (S)  
      u_executepipeline                                       execute_pipe                             262   14210.875     0.000    14210.875   16000 (S)  
      u_executestage                                          execute                                 2526   53227.527     0.000    53227.527   70000 (S)  
        u_adder0                                              adder                                    142    2972.898     0.000     2972.898    4000 (S)  
          add_7_23                                            add_unsigned_512                         141    2962.356     0.000     2962.356    4000 (S)  
        u_alu0                                                alu                                     2383   50244.087     0.000    50244.087   70000 (S)  
          SUB_TC_OP_2_Y_SUB_TC_OP_1_Y_SUB_TC_OP20_Y_ADD_TC_OP addsub_signed_209                        510   10753.036     0.000    10753.036   16000 (S)  
          sll_18_25                                           shift_left_vlog_unsigned                 392    8265.079     0.000     8265.079   16000 (S)  
          sra_33_34                                           arith_shift_right_vlog_signed            417    8792.188     0.000     8792.188   16000 (S)  
          srl_30_25                                           shift_right_vlog_unsigned                393    8286.163     0.000     8286.163   16000 (S)  
      u_fetchpipeline                                         fetch_pipe                               256    8760.562     0.000     8760.562   16000 (S)  
      u_fetchstage                                            fetch                                    276    7474.414     0.000     7474.414    8000 (S)  
        u_pc0                                                 pc                                       273    7421.703     0.000     7421.703    8000 (S)  
          ADD_UNS_OP                                          add_unsigned                             143    3015.067     0.000     3015.067    4000 (S)  
      u_memorystage                                           memory_stage                             340    7168.691     0.000     7168.691    8000 (S)  
        u_wrap_mem0                                           wrappermem                               337    7105.437     0.000     7105.437    8000 (S)  
      u_memstagepipeline                                      memory_pipe                              262   14105.453     0.000    14105.453   16000 (S)  
      u_wbstage                                               write_back                               163    3436.755     0.000     3436.755    4000 (S)  
        u_mux2                                                mux2_4                                   163    3436.755     0.000     3436.755    4000 (S)  
    u_data_memory                                             data_memory_top                        30248 1069610.800     0.000  1069610.800 2000000 (S)  
      u_memory                                                data_memory                            30246 1069526.463     0.000  1069526.463 2000000 (S)  
    u_instruction_memory                                      instruc_mem_top_INIT_FILE8h00            586   12397.618     0.000    12397.618   16000 (S)  
      u_memory                                                instruction_memory_INIT_FILE8h00         584   12313.280     0.000    12313.280   16000 (S)  
  (S) = wireload was automatically selected
