============================================================
  Generated by:           Genus(TM) Synthesis Solution 21.19-s055_1
  Generated on:           Apr 11 2026  04:37:01 pm
  Module:                 microprocessor_pad_top
  Technology libraries:   tsl18fs120_scl_ss 1
                          tsl18cio150_max 1.0
                          tsl18fs120_scl_ss 1
                          tsl18cio150_max 1.0
  Operating conditions:   tsl18cio150_max (worst_case_tree)
  Wireload mode:          enclosed
  Area mode:              timing library
============================================================

                               Leakage  
 Gate   Instances    Area    Power (nW)       Library      
-----------------------------------------------------------
pc3d01          6   7772.640   2335.609    tsl18cio150_max 
pc3o05         33  42749.522  12775.296    tsl18cio150_max 
-----------------------------------------------------------
total          39  50522.162  15110.905                    


                                            Leakage  Leakage 
     Type      Instances    Area   Area % Power (nW) Power % 
-------------------------------------------------------------
timing_model          39 50522.162  100.0  15110.905    33.3 
sequential          9828     0.000    0.0  28117.908    61.9 
inverter              47     0.000    0.0      6.947     0.0 
unresolved             4     0.000    0.0      0.000     0.0 
logic              32913     0.000    0.0   2175.529     4.8 
physical_cells         0     0.000    0.0      0.000     0.0 
-------------------------------------------------------------
total              42831 50522.162  100.0  45411.289   100.0 

