============================================================
  Generated by:           Genus(TM) Synthesis Solution 21.19-s055_1
  Generated on:           Apr 11 2026  04:45:45 pm
  Module:                 microprocessor_pad_top
  Technology libraries:   tsl18fs120_scl_ss 1
                          tsl18cio150_max 1.0
                          tsl18fs120_scl_ss 1
                          tsl18cio150_max 1.0
  Operating conditions:   tsl18cio150_max (worst_case_tree)
  Wireload mode:          enclosed
  Area mode:              timing library
============================================================

Timing
--------

  Clock    Period 
------------------
clk_pad   10000.0 
vir_clk_i 10000.0 


   Cost     Critical               Violating 
  Group    Path Slack     TNS        Paths   
---------------------------------------------
clk_pad      No paths         0.0            
default      No paths         0.0            
I2O           -7272.4   -130142.5         32 
I2R            1927.6         0.0          0 
R2O          No paths         0.0            
R2R               3.5         0.0          0 
vir_clk_i    No paths         0.0            
---------------------------------------------
Total                   -130142.5         32 

Instance Count
--------------
Leaf Instance Count             29659 
Physical Instance count             0 
Sequential Instance Count        9828 
Combinational Instance Count    19831 
Hierarchical Instance Count        33 

Area
----
Cell Area                          1213853.700
Physical Cell Area                 0.000
Total Cell Area (Cell+Physical)    1213853.700
Net Area                           30042.590
Total Area (Cell+Physical+Net)     1243896.290

Runtime                            366.91291899999993 seconds
Elapsed Runtime                    902 seconds
Genus peak memory usage            2308.46 
Innovus peak memory usage          no_value 
Hostname                           localhost
