============================================================
  Generated by:           Genus(TM) Synthesis Solution 21.19-s055_1
  Generated on:           Apr 11 2026  04:45:49 pm
  Module:                 microprocessor_pad_top
  Technology libraries:   tsl18fs120_scl_ss 1
                          tsl18cio150_max 1.0
                          tsl18fs120_scl_ss 1
                          tsl18cio150_max 1.0
  Operating conditions:   tsl18cio150_max (worst_case_tree)
  Wireload mode:          enclosed
  Area mode:              timing library
============================================================

                                     Leakage  
   Gate     Instances     Area     Power (nW)        Library       
-------------------------------------------------------------------
ah01d1             29     1000.500     21.860    tsl18fs120_scl_ss 
an02d0              3       47.040      0.293    tsl18fs120_scl_ss 
an02d1            670    10505.600    152.157    tsl18fs120_scl_ss 
an02d2             73     1373.860     39.661    tsl18fs120_scl_ss 
an02d4             34      746.300     41.378    tsl18fs120_scl_ss 
an02d7             12      414.000     41.928    tsl18fs120_scl_ss 
an02da             14      570.780     60.158    tsl18fs120_scl_ss 
an03d1             95     1787.900     28.586    tsl18fs120_scl_ss 
an03d2              4       87.800      1.874    tsl18fs120_scl_ss 
an03d4             64     1806.080     76.672    tsl18fs120_scl_ss 
an03da              1       43.900      4.264    tsl18fs120_scl_ss 
an04d1            234     5871.060     37.838    tsl18fs120_scl_ss 
an04d2             19      536.180      5.793    tsl18fs120_scl_ss 
an04d4             13      407.680     12.670    tsl18fs120_scl_ss 
an12d1             11      241.450      5.165    tsl18fs120_scl_ss 
an12d2              2       50.180      1.338    tsl18fs120_scl_ss 
an12d4             49     1382.780     65.709    tsl18fs120_scl_ss 
aoi211d1          123     2314.860     29.618    tsl18fs120_scl_ss 
aoi21d1            61      956.480      9.052    tsl18fs120_scl_ss 
aoi221d1          161     4039.490     26.501    tsl18fs120_scl_ss 
aoi221d2            3      122.310      2.683    tsl18fs120_scl_ss 
aoi2222d1         114     6077.340     61.674    tsl18fs120_scl_ss 
aoi222d1          282     8843.520     32.543    tsl18fs120_scl_ss 
aoi222d2           19      834.100     14.689    tsl18fs120_scl_ss 
aoi222d4           12      602.160     11.364    tsl18fs120_scl_ss 
aoi22d1          4264    80248.480    330.417    tsl18fs120_scl_ss 
aoi311d1           19      417.050      4.908    tsl18fs120_scl_ss 
aoi31d1            33      621.060      4.340    tsl18fs120_scl_ss 
aoi321d1           10      313.600      1.319    tsl18fs120_scl_ss 
aoi321d2            1       43.900      0.590    tsl18fs120_scl_ss 
aoi322d1           43     1483.500      4.070    tsl18fs120_scl_ss 
aoim211d1          13      285.350      6.197    tsl18fs120_scl_ss 
aoim21d1            8      150.560      3.132    tsl18fs120_scl_ss 
aoim22d1           74     1624.300     38.791    tsl18fs120_scl_ss 
aoim22d2            2       62.720      1.566    tsl18fs120_scl_ss 
aoim2m11d1          1       28.220      0.361    tsl18fs120_scl_ss 
aoim311d1           1       31.360      0.569    tsl18fs120_scl_ss 
aoim31d1            7      153.650      3.441    tsl18fs120_scl_ss 
aon211d1           69     1298.580      3.478    tsl18fs120_scl_ss 
aor211d1            3       75.270      1.543    tsl18fs120_scl_ss 
aor21d1            11      241.450      4.743    tsl18fs120_scl_ss 
aor21d2             2       50.180      1.220    tsl18fs120_scl_ss 
aor221d1            7      219.520      3.300    tsl18fs120_scl_ss 
aor221d2           17      586.500     13.421    tsl18fs120_scl_ss 
aor221d4           10      376.300     13.160    tsl18fs120_scl_ss 
aor222d1           31     1166.530     12.490    tsl18fs120_scl_ss 
aor222d2           64     2609.280     37.824    tsl18fs120_scl_ss 
aor222d4           11      482.900     14.377    tsl18fs120_scl_ss 
aor22d1           280     7025.200     88.816    tsl18fs120_scl_ss 
aor22d2            29      818.380     12.714    tsl18fs120_scl_ss 
aor22d4             7      241.500      7.910    tsl18fs120_scl_ss 
aor311d1            1       25.090      0.408    tsl18fs120_scl_ss 
aor31d1             5      109.750      2.333    tsl18fs120_scl_ss 
aor31d2             1       25.090      0.731    tsl18fs120_scl_ss 
bufbd1              5       78.400      2.054    tsl18fs120_scl_ss 
bufbd2              3       56.460      2.800    tsl18fs120_scl_ss 
bufbd3            289     6343.550    331.772    tsl18fs120_scl_ss 
bufbd4             22      482.900     34.804    tsl18fs120_scl_ss 
bufbd7             28     1229.200     67.340    tsl18fs120_scl_ss 
bufbdk              1       75.260      9.023    tsl18fs120_scl_ss 
buffd1            117     1467.180     40.482    tsl18fs120_scl_ss 
buffd2             97     1825.540    102.917    tsl18fs120_scl_ss 
buffd3             34      533.120     28.291    tsl18fs120_scl_ss 
buffd4              4      100.360      7.144    tsl18fs120_scl_ss 
buffd7             49     1536.640    109.711    tsl18fs120_scl_ss 
buffda             46     1875.420    132.710    tsl18fs120_scl_ss 
cg01d1              1       28.220      0.265    tsl18fs120_scl_ss 
decrq1           5808   510000.468   4637.107    tsl18fs120_scl_ss 
dfcrb2              1       78.400      1.378    tsl18fs120_scl_ss 
dfcrq1            120     7903.200    104.772    tsl18fs120_scl_ss 
dfcrq2             40     2759.600     43.200    tsl18fs120_scl_ss 
dfcrq4            248    18664.480    636.616    tsl18fs120_scl_ss 
dfnrq1           3565   212402.707   2806.012    tsl18fs120_scl_ss 
dfnrq4              5      344.950     14.305    tsl18fs120_scl_ss 
dfprb1              3      225.780      3.156    tsl18fs120_scl_ss 
dfprb2              4      326.160      5.464    tsl18fs120_scl_ss 
dfprb4              2      188.160      6.142    tsl18fs120_scl_ss 
inv0d0            437     2739.990     64.589    tsl18fs120_scl_ss 
inv0d1            427     4018.070     40.176    tsl18fs120_scl_ss 
inv0d2            458     5743.320     93.478    tsl18fs120_scl_ss 
inv0d4            681    12816.420    278.052    tsl18fs120_scl_ss 
inv0d7            494    13940.680    347.727    tsl18fs120_scl_ss 
inv0da            227     7118.720    238.123    tsl18fs120_scl_ss 
invbd2            215     3371.200     35.711    tsl18fs120_scl_ss 
invbd4            216     4741.200     83.873    tsl18fs120_scl_ss 
invbd7            160     5017.600     84.464    tsl18fs120_scl_ss 
invbda             48     1806.240     33.576    tsl18fs120_scl_ss 
invbdf             20     1003.600     21.480    tsl18fs120_scl_ss 
invbdk              2      131.720      2.732    tsl18fs120_scl_ss 
mi02d1              2       62.720      0.833    tsl18fs120_scl_ss 
mx02d1           3481    87338.290   1256.989    tsl18fs120_scl_ss 
mx02d2              7      197.540      4.651    tsl18fs120_scl_ss 
nd02d0              8      100.320      0.230    tsl18fs120_scl_ss 
nd02d1           1007    12627.780     33.422    tsl18fs120_scl_ss 
nd02d2            385     7245.700     26.111    tsl18fs120_scl_ss 
nd02d4              2       62.720      1.265    tsl18fs120_scl_ss 
nd03d1            154     2414.720      4.118    tsl18fs120_scl_ss 
nd03d2             44     1241.680      2.209    tsl18fs120_scl_ss 
nd03da             11      586.410     10.032    tsl18fs120_scl_ss 
nd04d1            885    16655.700     18.116    tsl18fs120_scl_ss 
nd12d0              2       31.360      0.281    tsl18fs120_scl_ss 
nd12d1            196     3073.280     32.379    tsl18fs120_scl_ss 
nd12d2            434    10889.060    123.213    tsl18fs120_scl_ss 
nd12d4              3      103.500      2.306    tsl18fs120_scl_ss 
nd13d1             25      548.750      3.548    tsl18fs120_scl_ss 
nd13d2              1       31.360      0.154    tsl18fs120_scl_ss 
nd23d1              3       84.660      0.745    tsl18fs120_scl_ss 
nr02d0              5       62.700      0.698    tsl18fs120_scl_ss 
nr02d1            652     8176.080    113.448    tsl18fs120_scl_ss 
nr02d2            291     5476.620    120.445    tsl18fs120_scl_ss 
nr02d4              1       31.360      0.869    tsl18fs120_scl_ss 
nr02d7              3      122.310      3.288    tsl18fs120_scl_ss 
nr02da              1       50.180      1.264    tsl18fs120_scl_ss 
nr03d1             43      674.240     12.999    tsl18fs120_scl_ss 
nr04d1             18      338.760      6.401    tsl18fs120_scl_ss 
nr13d1             25      548.750      8.300    tsl18fs120_scl_ss 
nr23d2              2       62.720      1.051    tsl18fs120_scl_ss 
nr23d4              1       34.500      1.308    tsl18fs120_scl_ss 
oai211d1          103     1938.460      3.234    tsl18fs120_scl_ss 
oai21d1            91     1426.880      5.100    tsl18fs120_scl_ss 
oai21d2             1       31.360      0.497    tsl18fs120_scl_ss 
oai221d1           10      282.200      0.432    tsl18fs120_scl_ss 
oai222d1           43     1213.460      2.346    tsl18fs120_scl_ss 
oai22d1           153     2879.460     12.593    tsl18fs120_scl_ss 
oai22d2             2       69.000      1.047    tsl18fs120_scl_ss 
oai311d1            4      100.360      0.125    tsl18fs120_scl_ss 
oai31d1             7      153.650      0.415    tsl18fs120_scl_ss 
oai321d1            1       31.360      0.046    tsl18fs120_scl_ss 
oai322d1            1       34.500      0.067    tsl18fs120_scl_ss 
oaim211d1          49     1229.410      3.851    tsl18fs120_scl_ss 
oaim21d1          144     2710.080     18.518    tsl18fs120_scl_ss 
oaim22d1           90     2258.100     21.888    tsl18fs120_scl_ss 
oaim22d4            1       40.770      0.928    tsl18fs120_scl_ss 
oaim311d1           5      141.100      0.298    tsl18fs120_scl_ss 
oaim31d1            2       50.180      0.217    tsl18fs120_scl_ss 
oan211d1           28      526.960      4.416    tsl18fs120_scl_ss 
or02d1             75     1176.000     25.275    tsl18fs120_scl_ss 
or02d2              2       37.640      1.386    tsl18fs120_scl_ss 
or02d4              2       50.180      2.700    tsl18fs120_scl_ss 
or02d7             34     1173.000    103.972    tsl18fs120_scl_ss 
or02da              1       40.770      4.307    tsl18fs120_scl_ss 
or04d4              1       31.360      1.497    tsl18fs120_scl_ss 
ora211d1            7      175.630      2.254    tsl18fs120_scl_ss 
ora21d1             7      175.630      1.814    tsl18fs120_scl_ss 
ora21d2             8      225.760      4.331    tsl18fs120_scl_ss 
ora311d1            1       28.220      0.226    tsl18fs120_scl_ss 
ora311d2            1       31.360      0.599    tsl18fs120_scl_ss 
ora31d1             2       50.180      0.514    tsl18fs120_scl_ss 
ora31d4             1       31.360      1.063    tsl18fs120_scl_ss 
pc3d01              6     7772.640   2335.609    tsl18cio150_max   
pc3o05             33    42749.522  12775.296    tsl18cio150_max   
sdcrn4             32     3111.040     64.640    tsl18fs120_scl_ss 
xn02d1              3      103.500      2.223    tsl18fs120_scl_ss 
xn02d2              2       75.260      1.681    tsl18fs120_scl_ss 
xr02d1             10      313.600      5.982    tsl18fs120_scl_ss 
xr03d2              1       56.450      1.757    tsl18fs120_scl_ss 
-------------------------------------------------------------------
total           29659  1213853.700  29058.896                      


                                                      Leakage  Leakage 
     Library      Instances Instances %     Area    Power (nW) Power % 
-----------------------------------------------------------------------
tsl18cio150_max          39         0.1   50522.162  15110.905    52.0 
tsl18fs120_scl_ss     29620        99.9 1163331.537  13947.991    48.0 

                                              Leakage  Leakage 
     Type      Instances     Area    Area % Power (nW) Power % 
---------------------------------------------------------------
timing_model          39   50522.162    4.2  15110.905    52.0 
sequential          9828  756004.946   62.3   8322.792    28.6 
inverter            3385   62448.760    5.1   1323.981     4.6 
buffer               695   15604.030    1.3    869.048     3.0 
unresolved             4       0.000    0.0      0.000     0.0 
logic              15712  329273.801   27.1   3432.171    11.8 
physical_cells         0       0.000    0.0      0.000     0.0 
---------------------------------------------------------------
total              29663 1213853.700  100.0  29058.896   100.0 

