============================================================
  Generated by:           Genus(TM) Synthesis Solution 21.19-s055_1
  Generated on:           Apr 11 2026  04:45:45 pm
  Module:                 microprocessor_pad_top
  Technology libraries:   tsl18fs120_scl_ss 1
                          tsl18cio150_max 1.0
                          tsl18fs120_scl_ss 1
                          tsl18cio150_max 1.0
  Operating conditions:   tsl18cio150_max (worst_case_tree)
  Wireload mode:          enclosed
  Area mode:              timing library
============================================================

         Instance                       Module               Cell Count   Cell Area  Net Area   Total Area   Wireload   
------------------------------------------------------------------------------------------------------------------------
microprocessor_pad_top                                            29659 1213853.700 30042.590  1243896.290 2000000 (S)  
  u_microprocessor_core    microprocessor                         29620 1163331.537 30027.448  1193358.985 2000000 (S)  
    u_core                 core                                    7236  238590.159  7131.636   245721.795  280000 (S)  
      u_branch_execute     branch                                   786   13087.040   194.827    13281.867   16000 (S)  
      u_decodepipeline     decode_pipe                              660   21728.470   144.333    21872.803   35000 (S)  
      u_decodestage        decode                                  2644  120572.918  3416.428   123989.346  140000 (S)  
        u_cu0              controlunit                               66     997.170    15.243     1012.413    4000 (S)  
          u_controldec0    control_decoder                           47     696.150    10.165      706.315    4000 (S)  
          u_typedec0       type_decoder                              19     301.020     3.584      304.604    4000 (S)  
        u_imm_gen0         immediategen                              49     827.970    16.955      844.925    4000 (S)  
        u_mux1             mux                                       32     802.880     0.000      802.880    4000 (S)  
        u_mux2             mux_468                                   32     802.880     0.000      802.880    4000 (S)  
        u_regfile0         registerfile                            2465  117142.018  3319.916   120461.934  140000 (S)  
      u_execute_forwarding execute_forwarding                       452   11048.780   329.626    11378.406   16000 (S)  
      u_executepipeline    execute_pipe                             168   11797.990    22.449    11820.439   16000 (S)  
      u_executestage       execute                                 1492   26744.400   944.775    27689.175   35000 (S)  
        u_adder0           adder                                     54    1282.690     9.725     1292.415    4000 (S)  
        u_alu0             alu                                     1437   25455.440   935.050    26390.490   35000 (S)  
      u_fetchpipeline      fetch_pipe                               158    7196.850    49.225     7246.075    8000 (S)  
      u_fetchstage         fetch                                    128    5042.780    30.369     5073.149    8000 (S)  
        u_pc0              pc                                       124    4986.330    29.794     5016.124    8000 (S)  
      u_memorystage        memory_stage                             239    4682.050    82.956     4765.006    8000 (S)  
        u_wrap_mem0        wrappermem                               230    4503.300    81.661     4584.961    8000 (S)  
      u_memstagepipeline   memory_pipe                              333   12756.680   131.130    12887.810   16000 (S)  
      u_wbstage            write_back                               105    2806.460    39.044     2845.504    4000 (S)  
        u_mux2             mux2_4                                   105    2806.460    39.044     2845.504    4000 (S)  
    u_data_memory          data_memory_top                        21942  917017.518 22088.430   939105.948 1000000 (S)  
      u_memory             data_memory                            21941  916951.658 22088.430   939040.088 1000000 (S)  
    u_instruction_memory   instruc_mem_top_INIT_FILE8h00            347    5246.370   164.724     5411.094    8000 (S)  
      u_memory             instruction_memory_INIT_FILE8h00         346    5180.510   164.724     5345.234    8000 (S)  
  (S) = wireload was automatically selected
