============================================================
  Generated by:           Genus(TM) Synthesis Solution 21.19-s055_1
  Generated on:           Apr 11 2026  05:04:25 pm
  Module:                 microprocessor_pad_top
  Technology libraries:   tsl18fs120_scl_ss 1
                          tsl18cio150_max 1.0
                          tsl18fs120_scl_ss 1
                          tsl18cio150_max 1.0
  Operating conditions:   tsl18cio150_max (worst_case_tree)
  Wireload mode:          enclosed
  Area mode:              timing library
============================================================

         Instance                       Module               Cell Count   Cell Area  Net Area   Total Area   Wireload   
------------------------------------------------------------------------------------------------------------------------
microprocessor_pad_top                                            29746 1210735.899 31210.907  1241946.807 2000000 (S)  
  u_microprocessor_core    microprocessor                         29698 1159846.807 31193.188  1191039.994 2000000 (S)  
    u_core                 core                                    6947  232689.669  7103.464   239793.133  280000 (S)  
      u_branch_execute     branch                                   678   12387.420   210.720    12598.140   16000 (S)  
      u_decodepipeline     decode_pipe                              628   19073.070   145.630    19218.701   35000 (S)  
      u_decodestage        decode                                  2642  120566.648  3416.169   123982.817  140000 (S)  
        u_cu0              controlunit                               64     990.900    14.983     1005.883    4000 (S)  
          u_controldec0    control_decoder                           46     689.880    10.035      699.915    4000 (S)  
          u_typedec0       type_decoder                              18     301.020     3.454      304.474    4000 (S)  
        u_imm_gen0         immediategen                              49     827.970    16.955      844.925    4000 (S)  
        u_mux1             mux                                       32     802.880     0.000      802.880    4000 (S)  
        u_mux2             mux_468                                   32     802.880     0.000      802.880    4000 (S)  
        u_regfile0         registerfile                            2465  117142.018  3319.916   120461.934  140000 (S)  
      u_execute_forwarding execute_forwarding                       553   12701.280   346.212    13047.492   16000 (S)  
      u_executepipeline    execute_pipe                             167   11719.720    21.282    11741.002   16000 (S)  
      u_executestage       execute                                 1275   23894.070   938.214    24832.284   35000 (S)  
        u_adder0           adder                                     54    1282.690     9.725     1292.415    4000 (S)  
        u_alu0             alu                                     1220   22605.110   928.489    23533.599   35000 (S)  
      u_fetchpipeline      fetch_pipe                               149    6510.480    48.719     6559.199    8000 (S)  
      u_fetchstage         fetch                                    124    4735.520    29.650     4765.170    8000 (S)  
        u_pc0              pc                                       121    4697.890    29.218     4727.108    8000 (S)  
      u_memorystage        memory_stage                             267    5365.730    88.530     5454.260    8000 (S)  
        u_wrap_mem0        wrappermem                               262    5265.370    88.097     5353.467    8000 (S)  
      u_memstagepipeline   memory_pipe                              331   12759.870   131.157    12891.027   16000 (S)  
      u_wbstage            write_back                                83    2148.030    41.028     2189.058    4000 (S)  
        u_mux2             mux2_4                                    83    2148.030    41.028     2189.058    4000 (S)  
    u_data_memory          data_memory_top                        22274  918558.398 23009.489   941567.887 1000000 (S)  
      u_memory             data_memory                            22273  918492.538 23009.489   941502.027 1000000 (S)  
    u_instruction_memory   instruc_mem_top_INIT_FILE8h00            345    5211.870   164.292     5376.162    8000 (S)  
      u_memory             instruction_memory_INIT_FILE8h00         344    5146.010   164.292     5310.302    8000 (S)  
  (S) = wireload was automatically selected
