============================================================
  Generated by:           Genus(TM) Synthesis Solution 21.19-s055_1
  Generated on:           Apr 11 2026  05:04:28 pm
  Module:                 microprocessor_pad_top
  Technology libraries:   tsl18fs120_scl_ss 1
                          tsl18cio150_max 1.0
                          tsl18fs120_scl_ss 1
                          tsl18cio150_max 1.0
  Operating conditions:   tsl18cio150_max (worst_case_tree)
  Wireload mode:          enclosed
  Area mode:              timing library
============================================================

                                     Leakage  
   Gate     Instances     Area     Power (nW)        Library       
-------------------------------------------------------------------
ah01d1             29     1000.500     21.860    tsl18fs120_scl_ss 
an02d0              9      141.120      0.878    tsl18fs120_scl_ss 
an02d1            707    11085.760    160.560    tsl18fs120_scl_ss 
an02d2             97     1825.540     52.700    tsl18fs120_scl_ss 
an02d4             69     1514.550     83.973    tsl18fs120_scl_ss 
an02d7              5      172.500     17.470    tsl18fs120_scl_ss 
an02da             12      489.240     51.564    tsl18fs120_scl_ss 
an03d1             94     1769.080     28.285    tsl18fs120_scl_ss 
an03d2              6      131.700      2.812    tsl18fs120_scl_ss 
an03d4             79     2229.380     94.642    tsl18fs120_scl_ss 
an03da              1       43.900      4.264    tsl18fs120_scl_ss 
an04d1            174     4365.660     28.136    tsl18fs120_scl_ss 
an04d2             21      592.620      6.403    tsl18fs120_scl_ss 
an04d4             13      407.680     12.670    tsl18fs120_scl_ss 
an12d1             57     1251.150     26.762    tsl18fs120_scl_ss 
an12d2              3       75.270      2.007    tsl18fs120_scl_ss 
an12d4             89     2511.580    119.349    tsl18fs120_scl_ss 
aoi211d1           78     1467.960     18.782    tsl18fs120_scl_ss 
aoi21d1            89     1395.520     13.208    tsl18fs120_scl_ss 
aoi21d2             1       31.360      0.605    tsl18fs120_scl_ss 
aoi221d1          146     3663.140     24.032    tsl18fs120_scl_ss 
aoi221d2            8      326.160      7.156    tsl18fs120_scl_ss 
aoi2222d1         105     5597.550     56.805    tsl18fs120_scl_ss 
aoi222d1          323    10129.280     37.274    tsl18fs120_scl_ss 
aoi222d2            2       87.800      1.546    tsl18fs120_scl_ss 
aoi22d1          3993    75148.260    309.418    tsl18fs120_scl_ss 
aoi22d2            12      414.000      5.350    tsl18fs120_scl_ss 
aoi311d1            8      175.600      2.066    tsl18fs120_scl_ss 
aoi311d2            1       37.630      0.692    tsl18fs120_scl_ss 
aoi31d1            25      470.500      3.288    tsl18fs120_scl_ss 
aoi31d2             1       31.360      0.455    tsl18fs120_scl_ss 
aoi321d1            5      156.800      0.659    tsl18fs120_scl_ss 
aoi321d2            1       43.900      0.590    tsl18fs120_scl_ss 
aoi322d1           29     1000.500      2.745    tsl18fs120_scl_ss 
aoim211d1           7      153.650      3.337    tsl18fs120_scl_ss 
aoim211d2           1       37.630      1.096    tsl18fs120_scl_ss 
aoim21d1           18      338.760      7.047    tsl18fs120_scl_ss 
aoim22d1           88     1931.600     46.130    tsl18fs120_scl_ss 
aoim22d2            4      125.440      3.131    tsl18fs120_scl_ss 
aoim2m11d1          1       28.220      0.361    tsl18fs120_scl_ss 
aoim311d1           1       31.360      0.569    tsl18fs120_scl_ss 
aoim31d1            5      109.750      2.458    tsl18fs120_scl_ss 
aon211d1           63     1185.660      3.176    tsl18fs120_scl_ss 
aon211d2            1       34.500      0.484    tsl18fs120_scl_ss 
aon211d4            1       37.630      0.648    tsl18fs120_scl_ss 
aor211d1            4      100.360      2.057    tsl18fs120_scl_ss 
aor21d1            17      373.150      7.330    tsl18fs120_scl_ss 
aor221d1           13      407.680      6.128    tsl18fs120_scl_ss 
aor221d2           16      552.000     12.632    tsl18fs120_scl_ss 
aor221d4            5      188.150      6.580    tsl18fs120_scl_ss 
aor222d1           75     2822.250     30.218    tsl18fs120_scl_ss 
aor222d2           24      978.480     14.184    tsl18fs120_scl_ss 
aor222d4           15      658.500     19.605    tsl18fs120_scl_ss 
aor22d1           418    10487.620    132.590    tsl18fs120_scl_ss 
aor22d2            14      395.080      6.138    tsl18fs120_scl_ss 
aor22d4             7      241.500      7.910    tsl18fs120_scl_ss 
aor311d1            1       25.090      0.408    tsl18fs120_scl_ss 
aor31d1             6      131.700      2.799    tsl18fs120_scl_ss 
bufbd1            117     1834.560     48.064    tsl18fs120_scl_ss 
bufbd2              3       56.460      2.800    tsl18fs120_scl_ss 
bufbd3             61     1338.950     70.028    tsl18fs120_scl_ss 
bufbd4              9      197.550     14.238    tsl18fs120_scl_ss 
bufbd7             11      482.900     26.455    tsl18fs120_scl_ss 
bufbda              2      106.620      7.278    tsl18fs120_scl_ss 
bufbdf              2      119.160     13.700    tsl18fs120_scl_ss 
buffd1            154     1931.160     53.284    tsl18fs120_scl_ss 
buffd2             43      809.260     45.623    tsl18fs120_scl_ss 
buffd3             89     1395.520     74.057    tsl18fs120_scl_ss 
buffd4              2       50.180      3.572    tsl18fs120_scl_ss 
buffd7             35     1097.600     78.365    tsl18fs120_scl_ss 
buffda             29     1182.330     83.665    tsl18fs120_scl_ss 
decrq1           5808   510000.468   4637.107    tsl18fs120_scl_ss 
dfcrb2              1       78.400      1.378    tsl18fs120_scl_ss 
dfcrq1            361    23775.460    315.189    tsl18fs120_scl_ss 
dfcrq2              3      206.970      3.240    tsl18fs120_scl_ss 
dfcrq4             44     3311.440    112.948    tsl18fs120_scl_ss 
dfnrq1           3564   212343.127   2805.224    tsl18fs120_scl_ss 
dfnrq2              1       62.720      0.966    tsl18fs120_scl_ss 
dfnrq4              5      344.950     14.305    tsl18fs120_scl_ss 
dfprb1              8      602.080      8.416    tsl18fs120_scl_ss 
dfprb2              1       81.540      1.366    tsl18fs120_scl_ss 
inv0d0            497     3116.190     73.457    tsl18fs120_scl_ss 
inv0d1            298     2804.180     28.039    tsl18fs120_scl_ss 
inv0d2            424     5316.960     86.538    tsl18fs120_scl_ss 
inv0d4            601    11310.820    245.388    tsl18fs120_scl_ss 
inv0d7            369    10413.180    259.739    tsl18fs120_scl_ss 
inv0da            133     4170.880    139.517    tsl18fs120_scl_ss 
invbd2            222     3480.960     36.874    tsl18fs120_scl_ss 
invbd4            203     4455.850     78.825    tsl18fs120_scl_ss 
invbd7            108     3386.880     57.013    tsl18fs120_scl_ss 
invbda             31     1166.530     21.684    tsl18fs120_scl_ss 
invbdf             16      802.880     17.184    tsl18fs120_scl_ss 
invbdk              3      197.580      4.098    tsl18fs120_scl_ss 
mi02d1              7      219.520      2.915    tsl18fs120_scl_ss 
mx02d0              1       28.220      0.277    tsl18fs120_scl_ss 
mx02d1           3490    87564.100   1260.239    tsl18fs120_scl_ss 
mx02d2              1       28.220      0.664    tsl18fs120_scl_ss 
nd02d0             19      238.260      0.545    tsl18fs120_scl_ss 
nd02d1           1151    14433.540     38.202    tsl18fs120_scl_ss 
nd02d2            435     8186.700     29.502    tsl18fs120_scl_ss 
nd02d4              4      125.440      2.530    tsl18fs120_scl_ss 
nd02d7              4      163.080      3.246    tsl18fs120_scl_ss 
nd02da              3      150.540      2.761    tsl18fs120_scl_ss 
nd03d0              2       31.360      0.039    tsl18fs120_scl_ss 
nd03d1            245     3841.600      6.551    tsl18fs120_scl_ss 
nd03d2            206     5813.320     10.343    tsl18fs120_scl_ss 
nd03da              7      373.170      6.384    tsl18fs120_scl_ss 
nd04d0              1       18.820      0.016    tsl18fs120_scl_ss 
nd04d1            671    12628.220     13.735    tsl18fs120_scl_ss 
nd04d2              1       34.500      0.452    tsl18fs120_scl_ss 
nd04d4              1       37.630      0.643    tsl18fs120_scl_ss 
nd12d0             13      203.840      1.828    tsl18fs120_scl_ss 
nd12d1            241     3778.880     39.813    tsl18fs120_scl_ss 
nd12d2            531    13322.790    150.751    tsl18fs120_scl_ss 
nd12d4              2       69.000      1.538    tsl18fs120_scl_ss 
nd13d1             57     1251.150      8.088    tsl18fs120_scl_ss 
nd13d2              8      250.880      1.232    tsl18fs120_scl_ss 
nd23d1             14      395.080      3.478    tsl18fs120_scl_ss 
nr02d0              6       75.240      0.838    tsl18fs120_scl_ss 
nr02d1            645     8088.300    112.230    tsl18fs120_scl_ss 
nr02d2            456     8581.920    188.738    tsl18fs120_scl_ss 
nr02d4              9      282.240      7.816    tsl18fs120_scl_ss 
nr02d7              5      203.850      5.480    tsl18fs120_scl_ss 
nr02da              1       50.180      1.264    tsl18fs120_scl_ss 
nr03d1             29      454.720      8.767    tsl18fs120_scl_ss 
nr03d2              4      125.440      3.007    tsl18fs120_scl_ss 
nr04d1             11      207.020      3.912    tsl18fs120_scl_ss 
nr13d1             29      636.550      9.628    tsl18fs120_scl_ss 
nr13d2              3      103.500      2.346    tsl18fs120_scl_ss 
nr23d1              5      125.450      1.280    tsl18fs120_scl_ss 
nr23d2             23      721.280     12.084    tsl18fs120_scl_ss 
oai211d1           82     1543.240      2.575    tsl18fs120_scl_ss 
oai21d1            95     1489.600      5.324    tsl18fs120_scl_ss 
oai21d2             1       31.360      0.497    tsl18fs120_scl_ss 
oai21d4             1       34.500      0.694    tsl18fs120_scl_ss 
oai221d1           11      310.420      0.476    tsl18fs120_scl_ss 
oai222d1           39     1100.580      2.127    tsl18fs120_scl_ss 
oai22d1           124     2333.680     10.206    tsl18fs120_scl_ss 
oai22d2             1       34.500      0.524    tsl18fs120_scl_ss 
oai311d1            3       75.270      0.094    tsl18fs120_scl_ss 
oai31d1             6      131.700      0.355    tsl18fs120_scl_ss 
oai321d1            1       31.360      0.046    tsl18fs120_scl_ss 
oai322d1            1       34.500      0.067    tsl18fs120_scl_ss 
oaim211d1         101     2534.090      7.939    tsl18fs120_scl_ss 
oaim21d1          170     3199.400     21.862    tsl18fs120_scl_ss 
oaim22d1           91     2283.190     22.131    tsl18fs120_scl_ss 
oaim2m11d1          2       62.720      0.395    tsl18fs120_scl_ss 
oaim311d1           9      253.980      0.537    tsl18fs120_scl_ss 
oaim31d1           13      326.170      1.413    tsl18fs120_scl_ss 
oan211d1           27      508.140      4.258    tsl18fs120_scl_ss 
or02d0              5       78.400      1.021    tsl18fs120_scl_ss 
or02d1             89     1395.520     29.993    tsl18fs120_scl_ss 
or02d2              4       75.280      2.772    tsl18fs120_scl_ss 
or02d4              2       50.180      2.700    tsl18fs120_scl_ss 
or02d7             35     1207.500    107.030    tsl18fs120_scl_ss 
or03d1              1       21.950      0.401    tsl18fs120_scl_ss 
or04d1              1       25.090      0.484    tsl18fs120_scl_ss 
or04d4              1       31.360      1.497    tsl18fs120_scl_ss 
ora211d1            8      200.720      2.576    tsl18fs120_scl_ss 
ora21d1            16      401.440      4.146    tsl18fs120_scl_ss 
ora21d2             4      112.880      2.166    tsl18fs120_scl_ss 
ora311d1            2       56.440      0.451    tsl18fs120_scl_ss 
ora31d1             2       50.180      0.514    tsl18fs120_scl_ss 
ora31d4             1       31.360      1.063    tsl18fs120_scl_ss 
pc3d01              6     7772.640   2335.609    tsl18cio150_max   
pc3o05             33    42749.522  12775.296    tsl18cio150_max   
sdcrn4             32     3111.040     64.640    tsl18fs120_scl_ss 
xn02d1             11      379.500      8.150    tsl18fs120_scl_ss 
xn02d2              1       37.630      0.840    tsl18fs120_scl_ss 
xr02d1             16      501.760      9.571    tsl18fs120_scl_ss 
xr02d2              1       34.500      0.909    tsl18fs120_scl_ss 
xr03d2              1       56.450      1.757    tsl18fs120_scl_ss 
-------------------------------------------------------------------
total           29746  1210735.899  28363.911                      


                                                      Leakage  Leakage 
     Library      Instances Instances %     Area    Power (nW) Power % 
-----------------------------------------------------------------------
tsl18cio150_max          39         0.1   50522.162  15110.905    53.3 
tsl18fs120_scl_ss     29707        99.9 1160213.737  13253.006    46.7 

                                              Leakage  Leakage 
     Type      Instances     Area    Area % Power (nW) Power % 
---------------------------------------------------------------
timing_model          39   50522.162    4.2  15110.905    53.3 
sequential          9828  753918.196   62.3   7964.780    28.1 
inverter            2905   50622.890    4.2   1048.357     3.7 
buffer               557   10602.250    0.9    521.128     1.8 
unresolved             4       0.000    0.0      0.000     0.0 
logic              16417  345070.401   28.5   3718.741    13.1 
physical_cells         0       0.000    0.0      0.000     0.0 
---------------------------------------------------------------
total              29750 1210735.899  100.0  28363.911   100.0 

